Start testing: Sep 13 01:15 UTC
----------------------------------------------------------
1/54 Testing: test_config
1/54 Test: test_config
Command: "/home/user/axiam-c-sdk/build-asan/tests/test_config"
Directory: /home/user/axiam-c-sdk/build-asan/tests
"test_config" start time: Sep 13 01:15 UTC
Output:
----------------------------------------------------------
/home/user/axiam-c-sdk/tests/test_config.c:275:test_missing_base_url_fails:PASS
/home/user/axiam-c-sdk/tests/test_config.c:276:test_plaintext_base_url_is_rejected:PASS
/home/user/axiam-c-sdk/tests/test_config.c:277:test_https_base_url_is_accepted:PASS
/home/user/axiam-c-sdk/tests/test_config.c:278:test_plaintext_loopback_is_allowed_for_dev:PASS
/home/user/axiam-c-sdk/tests/test_config.c:279:test_plaintext_non_loopback_lookalikes_are_rejected:PASS
/home/user/axiam-c-sdk/tests/test_config.c:280:test_missing_tenant_fails:PASS
/home/user/axiam-c-sdk/tests/test_config.c:281:test_tenant_slug_valid:PASS
/home/user/axiam-c-sdk/tests/test_config.c:282:test_tenant_id_valid:PASS
/home/user/axiam-c-sdk/tests/test_config.c:283:test_blank_tenant_slug_is_rejected:PASS
/home/user/axiam-c-sdk/tests/test_config.c:284:test_blank_tenant_slug_is_rejected_even_beside_a_valid_id:PASS
/home/user/axiam-c-sdk/tests/test_config.c:285:test_blank_org_slug_is_rejected:PASS
/home/user/axiam-c-sdk/tests/test_config.c:286:test_unset_org_slug_is_accepted:PASS
/home/user/axiam-c-sdk/tests/test_config.c:287:test_reserved_organization_tenant_is_named_like_any_other:PASS
/home/user/axiam-c-sdk/tests/test_config.c:288:test_custom_ca_rejects_non_pem:PASS
/home/user/axiam-c-sdk/tests/test_config.c:289:test_client_cert_requires_pem:PASS
/home/user/axiam-c-sdk/tests/test_config.c:290:test_setters_dont_crash:PASS
/home/user/axiam-c-sdk/tests/test_config.c:291:test_validate_null_cfg:PASS
/home/user/axiam-c-sdk/tests/test_config.c:292:test_setters_tolerate_null_cfg:PASS
/home/user/axiam-c-sdk/tests/test_config.c:293:test_clone_copies_all_fields_including_client_key:PASS

-----------------------
19 Tests 0 Failures 0 Ignored 
OK
<end of output>
Test time =   0.02 sec
----------------------------------------------------------
Test Passed.
"test_config" end time: Sep 13 01:15 UTC
"test_config" time elapsed: 00:00:00
----------------------------------------------------------

2/54 Testing: test_version_policy
2/54 Test: test_version_policy
Command: "/home/user/axiam-c-sdk/build-asan/tests/test_version_policy"
Directory: /home/user/axiam-c-sdk/build-asan/tests
"test_version_policy" start time: Sep 13 01:15 UTC
Output:
----------------------------------------------------------
/home/user/axiam-c-sdk/tests/test_version_policy.c:172:test_compiling_standard_meets_the_declared_floor:PASS
/home/user/axiam-c-sdk/tests/test_version_policy.c:173:test_compiling_standard_is_a_declared_leg:PASS
/home/user/axiam-c-sdk/tests/test_version_policy.c:174:test_header_floor_matches_cmake_default:PASS
/home/user/axiam-c-sdk/tests/test_version_policy.c:175:test_cmake_standard_is_overridable:PASS
/home/user/axiam-c-sdk/tests/test_version_policy.c:176:test_ci_builds_the_floor_and_the_newest:PASS

-----------------------
5 Tests 0 Failures 0 Ignored 
OK
<end of output>
Test time =   0.01 sec
----------------------------------------------------------
Test Passed.
"test_version_policy" end time: Sep 13 01:15 UTC
"test_version_policy" time elapsed: 00:00:00
----------------------------------------------------------

3/54 Testing: test_sensitive
3/54 Test: test_sensitive
Command: "/home/user/axiam-c-sdk/build-asan/tests/test_sensitive"
Directory: /home/user/axiam-c-sdk/build-asan/tests
"test_sensitive" start time: Sep 13 01:15 UTC
Output:
----------------------------------------------------------
/home/user/axiam-c-sdk/tests/test_sensitive.c:88:test_version_string:PASS
/home/user/axiam-c-sdk/tests/test_sensitive.c:89:test_to_string_is_redacted:PASS
/home/user/axiam-c-sdk/tests/test_sensitive.c:90:test_len_is_metadata_only:PASS
/home/user/axiam-c-sdk/tests/test_sensitive.c:91:test_null_inputs:PASS
/home/user/axiam-c-sdk/tests/test_sensitive.c:92:test_bytes_ctor:PASS
/home/user/axiam-c-sdk/tests/test_sensitive.c:93:test_bytes_ctor_null_data:PASS
/home/user/axiam-c-sdk/tests/test_sensitive.c:94:test_sensitive_bytes_null:PASS
/home/user/axiam-c-sdk/tests/test_sensitive.c:95:test_sensitive_free_with_null_data_field:PASS

-----------------------
8 Tests 0 Failures 0 Ignored 
OK
<end of output>
Test time =   0.01 sec
----------------------------------------------------------
Test Passed.
"test_sensitive" end time: Sep 13 01:15 UTC
"test_sensitive" time elapsed: 00:00:00
----------------------------------------------------------

4/54 Testing: test_error
4/54 Test: test_error
Command: "/home/user/axiam-c-sdk/build-asan/tests/test_error"
Directory: /home/user/axiam-c-sdk/build-asan/tests
"test_error" start time: Sep 13 01:15 UTC
Output:
----------------------------------------------------------
/home/user/axiam-c-sdk/tests/test_error.c:92:test_status_mapping:PASS
/home/user/axiam-c-sdk/tests/test_error.c:93:test_set_reset:PASS
/home/user/axiam-c-sdk/tests/test_error.c:94:test_message_truncation:PASS
/home/user/axiam-c-sdk/tests/test_error.c:95:test_kind_str:PASS
/home/user/axiam-c-sdk/tests/test_error.c:96:test_status_mapping_redirect_fallthrough:PASS
/home/user/axiam-c-sdk/tests/test_error.c:97:test_set_with_null_message:PASS
/home/user/axiam-c-sdk/tests/test_error.c:98:test_kind_str_unknown_default:PASS
/home/user/axiam-c-sdk/tests/test_error.c:99:test_status_mapping_below_200:PASS
/home/user/axiam-c-sdk/tests/test_error.c:100:test_status_mapping_above_599:PASS

-----------------------
9 Tests 0 Failures 0 Ignored 
OK
<end of output>
Test time =   0.01 sec
----------------------------------------------------------
Test Passed.
"test_error" end time: Sep 13 01:15 UTC
"test_error" time elapsed: 00:00:00
----------------------------------------------------------

5/54 Testing: test_client_auth
5/54 Test: test_client_auth
Command: "/home/user/axiam-c-sdk/build-asan/tests/test_client_auth"
Directory: /home/user/axiam-c-sdk/build-asan/tests
"test_client_auth" start time: Sep 13 01:15 UTC
Output:
----------------------------------------------------------
/home/user/axiam-c-sdk/tests/test_client_auth.c:253:test_login_success_sets_tenant_and_csrf:PASS
/home/user/axiam-c-sdk/tests/test_client_auth.c:254:test_csrf_echoed_on_next_state_change:PASS
/home/user/axiam-c-sdk/tests/test_client_auth.c:255:test_login_401_is_auth_error:PASS
/home/user/axiam-c-sdk/tests/test_client_auth.c:256:test_login_mfa_required:PASS
/home/user/axiam-c-sdk/tests/test_client_auth.c:257:test_login_mfa_setup_required:PASS
/home/user/axiam-c-sdk/tests/test_client_auth.c:258:test_verify_mfa_success:PASS
/home/user/axiam-c-sdk/tests/test_client_auth.c:259:test_verify_mfa_sensitive_round_trip:PASS
/home/user/axiam-c-sdk/tests/test_client_auth.c:260:test_verify_mfa_sensitive_null_token:PASS
/home/user/axiam-c-sdk/tests/test_client_auth.c:261:test_logout_success:PASS
/home/user/axiam-c-sdk/tests/test_client_auth.c:262:test_transport_failure_is_network:PASS
/home/user/axiam-c-sdk/tests/test_client_auth.c:263:test_refresh_success:PASS
/home/user/axiam-c-sdk/tests/test_client_auth.c:264:test_refresh_401_no_retry:PASS

-----------------------
12 Tests 0 Failures 0 Ignored 
OK
<end of output>
Test time =   0.02 sec
----------------------------------------------------------
Test Passed.
"test_client_auth" end time: Sep 13 01:15 UTC
"test_client_auth" time elapsed: 00:00:00
----------------------------------------------------------

6/54 Testing: test_client_failing_transport
6/54 Test: test_client_failing_transport
Command: "/home/user/axiam-c-sdk/build-asan/tests/test_client_failing_transport"
Directory: /home/user/axiam-c-sdk/build-asan/tests
"test_client_failing_transport" start time: Sep 13 01:15 UTC
Output:
----------------------------------------------------------
/home/user/axiam-c-sdk/tests/test_client_failing_transport.c:341:test_raw_get_transport_failure:PASS
/home/user/axiam-c-sdk/tests/test_client_failing_transport.c:342:test_raw_get_error_status:PASS
/home/user/axiam-c-sdk/tests/test_client_failing_transport.c:343:test_raw_get_null_guards:PASS
/home/user/axiam-c-sdk/tests/test_client_failing_transport.c:344:test_refresh_transport_failure:PASS
/home/user/axiam-c-sdk/tests/test_client_failing_transport.c:345:test_refresh_slug_only_is_auth_error:PASS
/home/user/axiam-c-sdk/tests/test_client_failing_transport.c:346:test_verify_mfa_transport_failure_and_null_guard:PASS
/home/user/axiam-c-sdk/tests/test_client_failing_transport.c:347:test_login_null_guard:PASS
/home/user/axiam-c-sdk/tests/test_client_failing_transport.c:348:test_refresh_null_guard:PASS
/home/user/axiam-c-sdk/tests/test_client_failing_transport.c:349:test_logout_null_guard_and_failures:PASS
/home/user/axiam-c-sdk/tests/test_client_failing_transport.c:350:test_logout_error_status:PASS
/home/user/axiam-c-sdk/tests/test_client_failing_transport.c:351:test_check_access_and_batch_null_guards:PASS
/home/user/axiam-c-sdk/tests/test_client_failing_transport.c:352:test_json_get_long_non_number_falls_back_to_zero:PASS
/home/user/axiam-c-sdk/tests/test_client_failing_transport.c:353:test_authz_post_refresh_retry_transport_failure:PASS
/home/user/axiam-c-sdk/tests/test_client_failing_transport.c:354:test_single_flight_follower_error_propagation:PASS

-----------------------
14 Tests 0 Failures 0 Ignored 
OK
<end of output>
Test time =   0.08 sec
----------------------------------------------------------
Test Passed.
"test_client_failing_transport" end time: Sep 13 01:15 UTC
"test_client_failing_transport" time elapsed: 00:00:00
----------------------------------------------------------

7/54 Testing: test_authz
7/54 Test: test_authz
Command: "/home/user/axiam-c-sdk/build-asan/tests/test_authz"
Directory: /home/user/axiam-c-sdk/build-asan/tests
"test_authz" start time: Sep 13 01:15 UTC
Output:
----------------------------------------------------------
/home/user/axiam-c-sdk/tests/test_authz.c:126:test_check_access_allowed:PASS
/home/user/axiam-c-sdk/tests/test_authz.c:127:test_check_access_denied_403:PASS
/home/user/axiam-c-sdk/tests/test_authz.c:128:test_check_access_with_scope_and_subject:PASS
/home/user/axiam-c-sdk/tests/test_authz.c:129:test_can_alias:PASS
/home/user/axiam-c-sdk/tests/test_authz.c:130:test_batch_check_ordered:PASS

-----------------------
5 Tests 0 Failures 0 Ignored 
OK
<end of output>
Test time =   0.02 sec
----------------------------------------------------------
Test Passed.
"test_authz" end time: Sep 13 01:15 UTC
"test_authz" time elapsed: 00:00:00
----------------------------------------------------------

8/54 Testing: test_singleflight
8/54 Test: test_singleflight
Command: "/home/user/axiam-c-sdk/build-asan/tests/test_singleflight"
Directory: /home/user/axiam-c-sdk/build-asan/tests
"test_singleflight" start time: Sep 13 01:15 UTC
Output:
----------------------------------------------------------
/home/user/axiam-c-sdk/tests/test_singleflight.c:110:test_single_flight_exactly_one_refresh:PASS

-----------------------
1 Tests 0 Failures 0 Ignored 
OK
<end of output>
Test time =   0.08 sec
----------------------------------------------------------
Test Passed.
"test_singleflight" end time: Sep 13 01:15 UTC
"test_singleflight" time elapsed: 00:00:00
----------------------------------------------------------

9/54 Testing: test_refresh_org
9/54 Test: test_refresh_org
Command: "/home/user/axiam-c-sdk/build-asan/tests/test_refresh_org"
Directory: /home/user/axiam-c-sdk/build-asan/tests
"test_refresh_org" start time: Sep 13 01:15 UTC
Output:
----------------------------------------------------------
/home/user/axiam-c-sdk/tests/test_refresh_org.c:84:test_refresh_uses_org_id_from_token:PASS

-----------------------
1 Tests 0 Failures 0 Ignored 
OK
<end of output>
Test time =   0.02 sec
----------------------------------------------------------
Test Passed.
"test_refresh_org" end time: Sep 13 01:15 UTC
"test_refresh_org" time elapsed: 00:00:00
----------------------------------------------------------

10/54 Testing: test_integration_curl
10/54 Test: test_integration_curl
Command: "/home/user/axiam-c-sdk/build-asan/tests/test_integration_curl"
Directory: /home/user/axiam-c-sdk/build-asan/tests
"test_integration_curl" start time: Sep 13 01:15 UTC
Output:
----------------------------------------------------------
/home/user/axiam-c-sdk/tests/test_integration_curl.c:133:test_real_curl_roundtrip:PASS

-----------------------
1 Tests 0 Failures 0 Ignored 
OK
<end of output>
Test time =   0.02 sec
----------------------------------------------------------
Test Passed.
"test_integration_curl" end time: Sep 13 01:15 UTC
"test_integration_curl" time elapsed: 00:00:00
----------------------------------------------------------

11/54 Testing: test_webhook
11/54 Test: test_webhook
Command: "/home/user/axiam-c-sdk/build-asan/tests/test_webhook"
Directory: /home/user/axiam-c-sdk/build-asan/tests
"test_webhook" start time: Sep 13 01:15 UTC
Output:
----------------------------------------------------------
/home/user/axiam-c-sdk/tests/test_webhook.c:421:test_valid_signature_is_accepted:PASS
/home/user/axiam-c-sdk/tests/test_webhook.c:422:test_cross_sdk_pinned_vector:PASS
/home/user/axiam-c-sdk/tests/test_webhook.c:423:test_tampered_body_is_rejected:PASS
/home/user/axiam-c-sdk/tests/test_webhook.c:424:test_wrong_secret_is_rejected:PASS
/home/user/axiam-c-sdk/tests/test_webhook.c:425:test_stale_timestamp_is_rejected:PASS
/home/user/axiam-c-sdk/tests/test_webhook.c:426:test_future_timestamp_is_rejected:PASS
/home/user/axiam-c-sdk/tests/test_webhook.c:427:test_malformed_headers_are_rejected:PASS
/home/user/axiam-c-sdk/tests/test_webhook.c:428:test_bad_hex_v1_is_rejected:PASS
/home/user/axiam-c-sdk/tests/test_webhook.c:429:test_extra_keys_and_multiple_v1_candidates:PASS
/home/user/axiam-c-sdk/tests/test_webhook.c:430:test_invalid_arguments:PASS
/home/user/axiam-c-sdk/tests/test_webhook.c:431:test_empty_body_verifies:PASS
/home/user/axiam-c-sdk/tests/test_webhook.c:432:test_binary_body_is_signed_in_full:PASS
/home/user/axiam-c-sdk/tests/test_webhook.c:433:test_verify_headers_extracts_event_and_delivery:PASS
/home/user/axiam-c-sdk/tests/test_webhook.c:434:test_verify_headers_requires_timestamp_header_to_agree:PASS
/home/user/axiam-c-sdk/tests/test_webhook.c:435:test_verify_headers_without_signature_header:PASS
/home/user/axiam-c-sdk/tests/test_webhook.c:436:test_status_strings_are_secret_free:PASS

-----------------------
16 Tests 0 Failures 0 Ignored 
OK
<end of output>
Test time =   0.02 sec
----------------------------------------------------------
Test Passed.
"test_webhook" end time: Sep 13 01:15 UTC
"test_webhook" time elapsed: 00:00:00
----------------------------------------------------------

12/54 Testing: test_uma
12/54 Test: test_uma
Command: "/home/user/axiam-c-sdk/build-asan/tests/test_uma"
Directory: /home/user/axiam-c-sdk/build-asan/tests
"test_uma" start time: Sep 13 01:15 UTC
Output:
----------------------------------------------------------
/home/user/axiam-c-sdk/tests/test_uma.c:714:test_registration_round_trips_and_the_id_is_a_ticket_resource_id:PASS
/home/user/axiam-c-sdk/tests/test_uma.c:715:test_an_omitted_type_is_left_out_rather_than_sent_empty:PASS
/home/user/axiam-c-sdk/tests/test_uma.c:716:test_an_update_sends_exactly_the_scopes_given_with_no_read_first:PASS
/home/user/axiam-c-sdk/tests/test_uma.c:717:test_an_undeclared_scope_surfaces_the_400_unchanged:PASS
/home/user/axiam-c-sdk/tests/test_uma.c:718:test_a_token_that_is_not_a_pat_surfaces_the_403:PASS
/home/user/axiam-c-sdk/tests/test_uma.c:719:test_the_protection_api_carries_the_pat:PASS
/home/user/axiam-c-sdk/tests/test_uma.c:720:test_an_absent_pat_is_refused_client_side_with_no_wire_call:PASS
/home/user/axiam-c-sdk/tests/test_uma.c:721:test_read_and_delete_use_their_own_methods:PASS
/home/user/axiam-c-sdk/tests/test_uma.c:722:test_discovery_is_fetched_once_and_cached:PASS
/home/user/axiam-c-sdk/tests/test_uma.c:723:test_the_ticket_grant_is_not_retried_on_a_5xx:PASS
/home/user/axiam-c-sdk/tests/test_uma.c:724:test_the_ticket_grant_is_not_retried_on_a_transport_failure:PASS
/home/user/axiam-c-sdk/tests/test_uma.c:725:test_the_ticket_grant_is_not_retried_on_invalid_grant:PASS
/home/user/axiam-c-sdk/tests/test_uma.c:726:test_a_403_access_denied_is_surfaced_and_not_auto_narrowed:PASS
/home/user/axiam-c-sdk/tests/test_uma.c:727:test_a_non_oauth2_error_body_still_gets_the_status_mapping:PASS
/home/user/axiam-c-sdk/tests/test_uma.c:728:test_the_grant_sends_the_required_claim_token_and_its_format:PASS
/home/user/axiam-c-sdk/tests/test_uma.c:729:test_an_absent_claim_token_is_refused_client_side_with_no_wire_call:PASS
/home/user/axiam-c-sdk/tests/test_uma.c:730:test_a_public_client_is_refused_client_side:PASS
/home/user/axiam-c-sdk/tests/test_uma.c:731:test_a_tenant_slug_cannot_be_substituted_for_the_uuid:PASS
/home/user/axiam-c-sdk/tests/test_uma.c:732:test_a_server_sent_refresh_token_is_not_surfaced:PASS
/home/user/axiam-c-sdk/tests/test_uma.c:733:test_parses_a_well_formed_challenge:PASS
/home/user/axiam-c-sdk/tests/test_uma.c:734:test_rejects_a_scheme_that_merely_starts_with_uma:PASS
/home/user/axiam-c-sdk/tests/test_uma.c:735:test_parsing_performs_no_exchange:PASS
/home/user/axiam-c-sdk/tests/test_uma.c:736:test_round_trips_through_the_emit_half:PASS
/home/user/axiam-c-sdk/tests/test_uma.c:737:test_no_secret_renders_through_the_public_surface:PASS
/home/user/axiam-c-sdk/tests/test_uma.c:738:test_a_failed_exchange_never_echoes_the_ticket_or_claim_token:PASS

-----------------------
25 Tests 0 Failures 0 Ignored 
OK
<end of output>
Test time =   0.02 sec
----------------------------------------------------------
Test Passed.
"test_uma" end time: Sep 13 01:15 UTC
"test_uma" time elapsed: 00:00:00
----------------------------------------------------------

13/54 Testing: test_uma_branches
13/54 Test: test_uma_branches
Command: "/home/user/axiam-c-sdk/build-asan/tests/test_uma_branches"
Directory: /home/user/axiam-c-sdk/build-asan/tests
"test_uma_branches" start time: Sep 13 01:15 UTC
Output:
----------------------------------------------------------
/home/user/axiam-c-sdk/tests/test_uma_branches.c:802:test_dispose_is_safe_on_null_and_on_zeroed_structs:PASS
/home/user/axiam-c-sdk/tests/test_uma_branches.c:803:test_null_out_parameters_are_refused:PASS
/home/user/axiam-c-sdk/tests/test_uma_branches.c:804:test_a_null_client_is_refused_by_every_operation:PASS
/home/user/axiam-c-sdk/tests/test_uma_branches.c:805:test_a_closed_client_is_refused_by_every_operation:PASS
/home/user/axiam-c-sdk/tests/test_uma_branches.c:806:test_an_empty_pat_is_refused_like_an_absent_one:PASS
/home/user/axiam-c-sdk/tests/test_uma_branches.c:807:test_a_discovery_failure_propagates_out_of_every_operation:PASS
/home/user/axiam-c-sdk/tests/test_uma_branches.c:808:test_a_malformed_or_incomplete_discovery_document_is_refused:PASS
/home/user/axiam-c-sdk/tests/test_uma_branches.c:809:test_discovery_surfaces_the_advertised_ticket_lifetime_or_minus_one:PASS
/home/user/axiam-c-sdk/tests/test_uma_branches.c:810:test_a_resource_set_without_a_name_is_malformed:PASS
/home/user/axiam-c-sdk/tests/test_uma_branches.c:811:test_a_resource_set_tolerates_absent_id_type_and_scopes:PASS
/home/user/axiam-c-sdk/tests/test_uma_branches.c:812:test_a_non_string_scope_member_is_dropped_rather_than_fataling:PASS
/home/user/axiam-c-sdk/tests/test_uma_branches.c:813:test_a_list_body_that_is_not_an_array_is_refused:PASS
/home/user/axiam-c-sdk/tests/test_uma_branches.c:814:test_a_ticket_response_without_a_ticket_is_malformed:PASS
/home/user/axiam-c-sdk/tests/test_uma_branches.c:815:test_a_permission_with_a_null_scope_array_still_builds_a_body:PASS
/home/user/axiam-c-sdk/tests/test_uma_branches.c:816:test_a_token_response_without_an_access_token_is_malformed:PASS
/home/user/axiam-c-sdk/tests/test_uma_branches.c:817:test_an_explicit_tenant_id_overrides_the_configured_one:PASS
/home/user/axiam-c-sdk/tests/test_uma_branches.c:818:test_an_absent_ticket_is_refused_client_side:PASS
/home/user/axiam-c-sdk/tests/test_uma_branches.c:819:test_a_protection_api_transport_failure_surfaces_as_network:PASS
/home/user/axiam-c-sdk/tests/test_uma_branches.c:820:test_an_empty_client_id_is_refused_like_an_absent_one:PASS
/home/user/axiam-c-sdk/tests/test_uma_branches.c:821:test_wire_builders_tolerate_ragged_caller_input:PASS
/home/user/axiam-c-sdk/tests/test_uma_branches.c:822:test_a_list_drops_non_string_members:PASS
/home/user/axiam-c-sdk/tests/test_uma_branches.c:823:test_a_token_endpoint_that_already_has_a_query_gains_an_ampersand:PASS
/home/user/axiam-c-sdk/tests/test_uma_branches.c:824:test_challenge_parser_grammar_edges:PASS
/home/user/axiam-c-sdk/tests/test_uma_branches.c:825:test_challenge_header_refuses_incomplete_input:PASS
/home/user/axiam-c-sdk/tests/test_uma_branches.c:826:test_a_resource_id_is_percent_escaped_into_the_path:PASS
/home/user/axiam-c-sdk/tests/test_uma_branches.c:827:test_the_oauth_error_field_is_cleared_between_failures:PASS
/home/user/axiam-c-sdk/tests/test_uma_branches.c:828:test_an_empty_error_code_falls_through_to_the_status_mapping:PASS

-----------------------
27 Tests 0 Failures 0 Ignored 
OK
<end of output>
Test time =   0.02 sec
----------------------------------------------------------
Test Passed.
"test_uma_branches" end time: Sep 13 01:15 UTC
"test_uma_branches" time elapsed: 00:00:00
----------------------------------------------------------

14/54 Testing: test_opaque_binding
14/54 Test: test_opaque_binding
Command: "/home/user/axiam-c-sdk/build-asan/tests/test_opaque_binding"
Directory: /home/user/axiam-c-sdk/build-asan/tests
"test_opaque_binding" start time: Sep 13 01:15 UTC
Output:
----------------------------------------------------------
/home/user/axiam-c-sdk/tests/test_opaque_binding.c:690:test_available_is_true_when_the_library_is_present:PASS
/home/user/axiam-c-sdk/tests/test_opaque_binding.c:691:test_an_absent_library_reports_zero_rather_than_failing:PASS
/home/user/axiam-c-sdk/tests/test_opaque_binding.c:692:test_an_absent_library_names_the_artifact_not_the_password:PASS
/home/user/axiam-c-sdk/tests/test_opaque_binding.c:693:test_the_real_loader_reports_absent_and_memoizes_that:PASS
/home/user/axiam-c-sdk/tests/test_opaque_binding.c:694:test_the_real_loader_resolves_every_symbol_of_a_real_library:PASS
/home/user/axiam-c-sdk/tests/test_opaque_binding.c:695:test_a_library_missing_one_export_is_refused:PASS
/home/user/axiam-c-sdk/tests/test_opaque_binding.c:696:test_a_library_that_reports_itself_unusable_is_not_adopted:PASS
/home/user/axiam-c-sdk/tests/test_opaque_binding.c:697:test_a_full_round_trip_through_the_real_binding:PASS
/home/user/axiam-c-sdk/tests/test_opaque_binding.c:698:test_a_real_library_refusal_reports_its_own_message:PASS
/home/user/axiam-c-sdk/tests/test_opaque_binding.c:699:test_a_real_library_that_cannot_start_is_a_network_error:PASS
/home/user/axiam-c-sdk/tests/test_opaque_binding.c:700:test_a_real_library_that_refuses_a_ksf_reports_its_message:PASS
/home/user/axiam-c-sdk/tests/test_opaque_binding.c:701:test_null_arguments_are_refused:PASS
/home/user/axiam-c-sdk/tests/test_opaque_binding.c:703:test_a_cost_the_named_function_needs_but_the_server_omitted:PASS
/home/user/axiam-c-sdk/tests/test_opaque_binding.c:704:test_an_absent_cost_is_not_the_same_as_zero:PASS
/home/user/axiam-c-sdk/tests/test_opaque_binding.c:705:test_a_cost_outside_the_accepted_band_is_refused_naming_the_field:PASS
/home/user/axiam-c-sdk/tests/test_opaque_binding.c:706:test_an_unrecognised_function_is_refused_never_substituted:PASS
/home/user/axiam-c-sdk/tests/test_opaque_binding.c:707:test_a_null_ksf_handle_reports_the_librarys_own_message:PASS
/home/user/axiam-c-sdk/tests/test_opaque_binding.c:708:test_both_key_stretching_functions_are_reachable:PASS
/home/user/axiam-c-sdk/tests/test_opaque_binding.c:710:test_a_registration_round_trip_leaves_nothing_alive:PASS
/home/user/axiam-c-sdk/tests/test_opaque_binding.c:711:test_a_failed_registration_start_reports_the_librarys_message:PASS
/home/user/axiam-c-sdk/tests/test_opaque_binding.c:712:test_a_failed_registration_finish_still_consumed_the_handle:PASS
/home/user/axiam-c-sdk/tests/test_opaque_binding.c:714:test_a_login_round_trip_uses_the_server_named_function:PASS
/home/user/axiam-c-sdk/tests/test_opaque_binding.c:715:test_a_failed_login_start_reports_the_librarys_message:PASS
/home/user/axiam-c-sdk/tests/test_opaque_binding.c:716:test_a_failed_login_finish_is_an_auth_error:PASS
/home/user/axiam-c-sdk/tests/test_opaque_binding.c:717:test_a_silent_library_still_produces_a_sentence:PASS
/home/user/axiam-c-sdk/tests/test_opaque_binding.c:719:test_an_exchange_is_single_use:PASS
/home/user/axiam-c-sdk/tests/test_opaque_binding.c:720:test_a_refused_ksf_leaves_the_exchange_intact:PASS
/home/user/axiam-c-sdk/tests/test_opaque_binding.c:721:test_an_out_of_band_cost_also_leaves_the_exchange_intact:PASS
/home/user/axiam-c-sdk/tests/test_opaque_binding.c:722:test_close_is_idempotent:PASS
/home/user/axiam-c-sdk/tests/test_opaque_binding.c:723:test_close_after_a_finish_is_a_no_op:PASS
/home/user/axiam-c-sdk/tests/test_opaque_binding.c:725:test_enrollment_dispose_is_safe_on_a_zeroed_struct:PASS
/home/user/axiam-c-sdk/tests/test_opaque_binding.c:726:test_enrollment_dispose_clears_the_record:PASS

-----------------------
32 Tests 0 Failures 0 Ignored 
OK
<end of output>
Test time =   0.02 sec
----------------------------------------------------------
Test Passed.
"test_opaque_binding" end time: Sep 13 01:15 UTC
"test_opaque_binding" time elapsed: 00:00:00
----------------------------------------------------------

15/54 Testing: test_opaque_login
15/54 Test: test_opaque_login
Command: "/home/user/axiam-c-sdk/build-asan/tests/test_opaque_login"
Directory: /home/user/axiam-c-sdk/build-asan/tests
"test_opaque_login" start time: Sep 13 01:15 UTC
Output:
----------------------------------------------------------
/home/user/axiam-c-sdk/tests/test_opaque_login.c:711:test_login_start_carries_ke1_and_no_password_field:PASS
/home/user/axiam-c-sdk/tests/test_opaque_login.c:712:test_register_start_names_no_account_at_all:PASS
/home/user/axiam-c-sdk/tests/test_opaque_login.c:713:test_login_finish_echoes_the_session_handle_the_server_issued:PASS
/home/user/axiam-c-sdk/tests/test_opaque_login.c:714:test_the_server_named_ksf_is_the_one_used:PASS
/home/user/axiam-c-sdk/tests/test_opaque_login.c:715:test_an_absent_cost_reaches_the_library_absent:PASS
/home/user/axiam-c-sdk/tests/test_opaque_login.c:717:test_a_successful_login_returns_what_login_returns:PASS
/home/user/axiam-c-sdk/tests/test_opaque_login.c:718:test_the_mfa_required_branch_survives_the_opaque_path:PASS
/home/user/axiam-c-sdk/tests/test_opaque_login.c:719:test_the_mfa_setup_branch_survives_the_opaque_path_too:PASS
/home/user/axiam-c-sdk/tests/test_opaque_login.c:721:test_a_disabled_tenant_is_a_network_error_a_caller_can_fall_back_from:PASS
/home/user/axiam-c-sdk/tests/test_opaque_login.c:722:test_enrolment_reports_a_disabled_tenant_the_same_way:PASS
/home/user/axiam-c-sdk/tests/test_opaque_login.c:723:test_a_401_at_login_start_is_an_auth_error:PASS
/home/user/axiam-c-sdk/tests/test_opaque_login.c:724:test_a_wrong_password_never_reaches_login_finish:PASS
/home/user/axiam-c-sdk/tests/test_opaque_login.c:725:test_optional_retries_over_password_login_and_returns_its_success:PASS
/home/user/axiam-c-sdk/tests/test_opaque_login.c:726:test_optional_reports_the_password_logins_failure_when_that_fails_too:PASS
/home/user/axiam-c-sdk/tests/test_opaque_login.c:727:test_required_never_puts_a_plaintext_password_on_the_wire:PASS
/home/user/axiam-c-sdk/tests/test_opaque_login.c:728:test_a_response_with_no_mode_field_fails_closed:PASS
/home/user/axiam-c-sdk/tests/test_opaque_login.c:729:test_an_unrecognised_mode_is_treated_as_required:PASS
/home/user/axiam-c-sdk/tests/test_opaque_login.c:730:test_optional_does_not_fall_back_for_a_configuration_failure:PASS
/home/user/axiam-c-sdk/tests/test_opaque_login.c:731:test_an_unsupported_ksf_is_a_configuration_error_not_a_bad_password:PASS
/home/user/axiam-c-sdk/tests/test_opaque_login.c:732:test_a_start_response_without_ke2_is_a_malformed_response:PASS
/home/user/axiam-c-sdk/tests/test_opaque_login.c:733:test_a_transport_failure_on_the_start_is_a_network_error:PASS
/home/user/axiam-c-sdk/tests/test_opaque_login.c:734:test_a_5xx_at_login_finish_is_a_network_error:PASS
/home/user/axiam-c-sdk/tests/test_opaque_login.c:735:test_an_absent_library_is_reported_before_any_request_is_sent:PASS
/home/user/axiam-c-sdk/tests/test_opaque_login.c:736:test_null_arguments_are_refused_without_a_request:PASS
/home/user/axiam-c-sdk/tests/test_opaque_login.c:737:test_a_closed_client_refuses_both_operations:PASS

-----------------------
25 Tests 0 Failures 0 Ignored 
OK
<end of output>
Test time =   0.02 sec
----------------------------------------------------------
Test Passed.
"test_opaque_login" end time: Sep 13 01:15 UTC
"test_opaque_login" time elapsed: 00:00:00
----------------------------------------------------------

16/54 Testing: test_d5_conformance
16/54 Test: test_d5_conformance
Command: "/home/user/axiam-c-sdk/build-asan/tests/test_d5_conformance"
Directory: /home/user/axiam-c-sdk/build-asan/tests
"test_d5_conformance" start time: Sep 13 01:15 UTC
Output:
----------------------------------------------------------
/home/user/axiam-c-sdk/tests/test_d5_conformance.c:949:test_persistent_503_makes_exactly_three_attempts:PASS
/home/user/axiam-c-sdk/tests/test_d5_conformance.c:950:test_transient_failure_is_retried_and_the_success_returned:PASS
/home/user/axiam-c-sdk/tests/test_d5_conformance.c:951:test_transport_failure_is_retried:PASS
/home/user/axiam-c-sdk/tests/test_d5_conformance.c:952:test_decisive_statuses_make_exactly_one_attempt:PASS
/home/user/axiam-c-sdk/tests/test_d5_conformance.c:953:test_retry_disabled_makes_exactly_one_attempt:PASS
/home/user/axiam-c-sdk/tests/test_d5_conformance.c:954:test_a_non_idempotent_operation_is_never_retried:PASS
/home/user/axiam-c-sdk/tests/test_d5_conformance.c:955:test_the_contended_write_answer_is_retried_and_succeeds:PASS
/home/user/axiam-c-sdk/tests/test_d5_conformance.c:956:test_a_non_idempotent_call_makes_one_attempt_against_the_same_503:PASS
/home/user/axiam-c-sdk/tests/test_d5_conformance.c:957:test_the_delay_sequence_with_jitter_pinned_to_max:PASS
/home/user/axiam-c-sdk/tests/test_d5_conformance.c:958:test_jitter_pinned_to_zero_waits_zero_on_the_wire:PASS
/home/user/axiam-c-sdk/tests/test_d5_conformance.c:959:test_full_jitter_spans_zero_to_the_backoff:PASS
/home/user/axiam-c-sdk/tests/test_d5_conformance.c:960:test_backoff_doubles_from_the_base_and_stops_at_the_cap:PASS
/home/user/axiam-c-sdk/tests/test_d5_conformance.c:961:test_retry_after_is_a_floor_never_a_ceiling:PASS
/home/user/axiam-c-sdk/tests/test_d5_conformance.c:962:test_retry_after_header_parsing:PASS
/home/user/axiam-c-sdk/tests/test_d5_conformance.c:963:test_retry_after_accepts_an_http_date:PASS
/home/user/axiam-c-sdk/tests/test_d5_conformance.c:964:test_retry_after_header_reaches_the_wait:PASS
/home/user/axiam-c-sdk/tests/test_d5_conformance.c:965:test_which_failures_retry:PASS
/home/user/axiam-c-sdk/tests/test_d5_conformance.c:966:test_retry_after_header_edge_cases:PASS
/home/user/axiam-c-sdk/tests/test_d5_conformance.c:967:test_default_sleep_and_jitter_and_clock:PASS
/home/user/axiam-c-sdk/tests/test_d5_conformance.c:969:test_the_memo_is_off_by_default:PASS
/home/user/axiam-c-sdk/tests/test_d5_conformance.c:970:test_a_repeat_inside_the_ttl_makes_no_second_wire_call:PASS
/home/user/axiam-c-sdk/tests/test_d5_conformance.c:971:test_denies_are_memoized_exactly_like_allows:PASS
/home/user/axiam-c-sdk/tests/test_d5_conformance.c:972:test_a_failure_is_never_memoized:PASS
/home/user/axiam-c-sdk/tests/test_d5_conformance.c:973:test_every_key_component_is_distinguished:PASS
/home/user/axiam-c-sdk/tests/test_d5_conformance.c:974:test_differing_components_miss_rather_than_collide:PASS
/home/user/axiam-c-sdk/tests/test_d5_conformance.c:975:test_a_ttl_above_the_ceiling_is_clamped_not_rejected:PASS
/home/user/axiam-c-sdk/tests/test_d5_conformance.c:976:test_the_memo_evicts_rather_than_growing_without_bound:PASS
/home/user/axiam-c-sdk/tests/test_d5_conformance.c:977:test_the_memo_is_cleared_on_a_credential_change:PASS
/home/user/axiam-c-sdk/tests/test_d5_conformance.c:978:test_an_entry_expires_at_the_ttl:PASS
/home/user/axiam-c-sdk/tests/test_d5_conformance.c:979:test_expiring_a_non_head_entry_unlinks_mid_list:PASS
/home/user/axiam-c-sdk/tests/test_d5_conformance.c:981:test_close_is_idempotent:PASS
/home/user/axiam-c-sdk/tests/test_d5_conformance.c:982:test_close_issues_no_network_request:PASS
/home/user/axiam-c-sdk/tests/test_d5_conformance.c:983:test_use_after_close_is_an_error_not_undefined:PASS
/home/user/axiam-c-sdk/tests/test_d5_conformance.c:985:test_one_request_pair_per_attempt_with_a_retry_between:PASS
/home/user/axiam-c-sdk/tests/test_d5_conformance.c:986:test_a_refresh_emits_its_event_with_a_role:PASS
/home/user/axiam-c-sdk/tests/test_d5_conformance.c:987:test_a_failing_call_still_emits_request_end:PASS
/home/user/axiam-c-sdk/tests/test_d5_conformance.c:988:test_no_hook_installed_behaves_identically:PASS
/home/user/axiam-c-sdk/tests/test_d5_conformance.c:989:test_no_event_payload_carries_a_token:PASS
/home/user/axiam-c-sdk/tests/test_d5_conformance.c:990:test_a_clamped_setting_is_reported_not_swallowed:PASS
/home/user/axiam-c-sdk/tests/test_d5_conformance.c:991:test_a_value_inside_its_limit_reports_nothing:PASS
/home/user/axiam-c-sdk/tests/test_d5_conformance.c:992:test_an_uninstalled_dispatcher_is_inert:PASS
/home/user/axiam-c-sdk/tests/test_d5_conformance.c:993:test_emit_with_installed_hook_and_null_event_is_a_noop:PASS

-----------------------
42 Tests 0 Failures 0 Ignored 
OK
<end of output>
Test time =   0.03 sec
----------------------------------------------------------
Test Passed.
"test_d5_conformance" end time: Sep 13 01:15 UTC
"test_d5_conformance" time elapsed: 00:00:00
----------------------------------------------------------

17/54 Testing: test_client_branches
17/54 Test: test_client_branches
Command: "/home/user/axiam-c-sdk/build-asan/tests/test_client_branches"
Directory: /home/user/axiam-c-sdk/build-asan/tests
"test_client_branches" start time: Sep 13 01:15 UTC
Output:
----------------------------------------------------------
/home/user/axiam-c-sdk/tests/test_client_branches.c:360:test_client_new_null_cfg_fails:PASS
/home/user/axiam-c-sdk/tests/test_client_branches.c:361:test_client_new_invalid_cfg_fails:PASS
/home/user/axiam-c-sdk/tests/test_client_branches.c:362:test_login_2xx_unparseable_body:PASS
/home/user/axiam-c-sdk/tests/test_client_branches.c:363:test_mfa_verify_2xx_unparseable_body:PASS
/home/user/axiam-c-sdk/tests/test_client_branches.c:364:test_login_202_unparseable_body:PASS
/home/user/axiam-c-sdk/tests/test_client_branches.c:365:test_check_access_2xx_unparseable_body:PASS
/home/user/axiam-c-sdk/tests/test_client_branches.c:366:test_batch_check_2xx_unparseable_body:PASS
/home/user/axiam-c-sdk/tests/test_client_branches.c:367:test_batch_check_results_missing_field:PASS
/home/user/axiam-c-sdk/tests/test_client_branches.c:368:test_batch_check_results_longer_than_n:PASS
/home/user/axiam-c-sdk/tests/test_client_branches.c:369:test_batch_check_results_shorter_than_n:PASS
/home/user/axiam-c-sdk/tests/test_client_branches.c:370:test_resolve_ids_bare_token_no_attributes:PASS
/home/user/axiam-c-sdk/tests/test_client_branches.c:371:test_resolve_ids_cookie_with_attributes:PASS
/home/user/axiam-c-sdk/tests/test_client_branches.c:372:test_resolve_ids_missing_axiam_access_cookie:PASS
/home/user/axiam-c-sdk/tests/test_client_branches.c:373:test_resolve_ids_decode_failure_preserves_prior_values:PASS

-----------------------
14 Tests 0 Failures 0 Ignored 
OK
<end of output>
Test time =   0.02 sec
----------------------------------------------------------
Test Passed.
"test_client_branches" end time: Sep 13 01:15 UTC
"test_client_branches" time elapsed: 00:00:00
----------------------------------------------------------

18/54 Testing: test_client_null_args
18/54 Test: test_client_null_args
Command: "/home/user/axiam-c-sdk/build-asan/tests/test_client_null_args"
Directory: /home/user/axiam-c-sdk/build-asan/tests
"test_client_null_args" start time: Sep 13 01:15 UTC
Output:
----------------------------------------------------------
/home/user/axiam-c-sdk/tests/test_client_null_args.c:169:test_client_free_and_refresh_count_null:PASS
/home/user/axiam-c-sdk/tests/test_client_null_args.c:170:test_result_dispose_null:PASS
/home/user/axiam-c-sdk/tests/test_client_null_args.c:171:test_raw_get_null_out_body_on_success:PASS
/home/user/axiam-c-sdk/tests/test_client_null_args.c:172:test_raw_get_network_failure_default_message:PASS
/home/user/axiam-c-sdk/tests/test_client_null_args.c:173:test_refresh_network_failure_default_message:PASS
/home/user/axiam-c-sdk/tests/test_client_null_args.c:174:test_login_network_failure_default_message:PASS
/home/user/axiam-c-sdk/tests/test_client_null_args.c:175:test_verify_mfa_network_failure_default_message:PASS
/home/user/axiam-c-sdk/tests/test_client_null_args.c:176:test_logout_network_failure_default_message:PASS
/home/user/axiam-c-sdk/tests/test_client_null_args.c:177:test_check_access_network_failure_default_message:PASS
/home/user/axiam-c-sdk/tests/test_client_null_args.c:178:test_check_access_null_out:PASS
/home/user/axiam-c-sdk/tests/test_client_null_args.c:179:test_login_null_out:PASS

-----------------------
11 Tests 0 Failures 0 Ignored 
OK
<end of output>
Test time =   0.08 sec
----------------------------------------------------------
Test Passed.
"test_client_null_args" end time: Sep 13 01:15 UTC
"test_client_null_args" time elapsed: 00:00:00
----------------------------------------------------------

19/54 Testing: test_util_branches
19/54 Test: test_util_branches
Command: "/home/user/axiam-c-sdk/build-asan/tests/test_util_branches"
Directory: /home/user/axiam-c-sdk/build-asan/tests
"test_util_branches" start time: Sep 13 01:15 UTC
Output:
----------------------------------------------------------
/home/user/axiam-c-sdk/tests/test_util_branches.c:226:test_strdup0_null:PASS
/home/user/axiam-c-sdk/tests/test_util_branches.c:227:test_strdup0_value:PASS
/home/user/axiam-c-sdk/tests/test_util_branches.c:228:test_str_ieq_null_args:PASS
/home/user/axiam-c-sdk/tests/test_util_branches.c:229:test_str_ieq_case_insensitive:PASS
/home/user/axiam-c-sdk/tests/test_util_branches.c:230:test_is_pem_null:PASS
/home/user/axiam-c-sdk/tests/test_util_branches.c:231:test_kv_append_null_key_is_noop:PASS
/home/user/axiam-c-sdk/tests/test_util_branches.c:232:test_kv_append_null_value_stored_as_empty_string:PASS
/home/user/axiam-c-sdk/tests/test_util_branches.c:233:test_http_response_dispose_null:PASS
/home/user/axiam-c-sdk/tests/test_util_branches.c:234:test_secure_zero_null:PASS
/home/user/axiam-c-sdk/tests/test_util_branches.c:235:test_url_is_secure_null:PASS
/home/user/axiam-c-sdk/tests/test_util_branches.c:236:test_url_is_secure_five_char_scheme_that_is_not_https:PASS
/home/user/axiam-c-sdk/tests/test_util_branches.c:237:test_url_is_secure_empty_authority:PASS
/home/user/axiam-c-sdk/tests/test_util_branches.c:238:test_url_is_secure_unterminated_ipv6_literal:PASS
/home/user/axiam-c-sdk/tests/test_util_branches.c:239:test_b64url_decode_null_input:PASS
/home/user/axiam-c-sdk/tests/test_util_branches.c:240:test_b64url_decode_strips_padding:PASS
/home/user/axiam-c-sdk/tests/test_util_branches.c:241:test_b64url_decode_invalid_length_remainder_one:PASS
/home/user/axiam-c-sdk/tests/test_util_branches.c:242:test_b64url_decode_invalid_char_full_block:PASS
/home/user/axiam-c-sdk/tests/test_util_branches.c:243:test_b64url_decode_invalid_char_remainder_two:PASS
/home/user/axiam-c-sdk/tests/test_util_branches.c:244:test_b64url_decode_invalid_char_remainder_three:PASS
/home/user/axiam-c-sdk/tests/test_util_branches.c:245:test_b64url_decode_valid_remainder_two_and_three:PASS
/home/user/axiam-c-sdk/tests/test_util_branches.c:246:test_b64url_decode_null_out_len:PASS
/home/user/axiam-c-sdk/tests/test_util_branches.c:247:test_b64url_decode_dash_and_underscore_alphabet:PASS
/home/user/axiam-c-sdk/tests/test_util_branches.c:248:test_b64url_decode_lowercase_alphabet:PASS
/home/user/axiam-c-sdk/tests/test_util_branches.c:249:test_b64url_decode_empty_string:PASS
/home/user/axiam-c-sdk/tests/test_util_branches.c:250:test_b64url_decode_invalid_char_each_operand_full_block:PASS
/home/user/axiam-c-sdk/tests/test_util_branches.c:251:test_b64url_decode_invalid_char_each_operand_remainder_two:PASS
/home/user/axiam-c-sdk/tests/test_util_branches.c:252:test_b64url_decode_invalid_char_each_operand_remainder_three:PASS

-----------------------
27 Tests 0 Failures 0 Ignored 
OK
<end of output>
Test time =   0.01 sec
----------------------------------------------------------
Test Passed.
"test_util_branches" end time: Sep 13 01:15 UTC
"test_util_branches" time elapsed: 00:00:00
----------------------------------------------------------

20/54 Testing: test_json_build
20/54 Test: test_json_build
Command: "/home/user/axiam-c-sdk/build-asan/tests/test_json_build"
Directory: /home/user/axiam-c-sdk/build-asan/tests
"test_json_build" start time: Sep 13 01:15 UTC
Output:
----------------------------------------------------------
/home/user/axiam-c-sdk/tests/test_json_build.c:133:test_login_body_null_user_and_password:PASS
/home/user/axiam-c-sdk/tests/test_json_build.c:134:test_login_body_null_cfg:PASS
/home/user/axiam-c-sdk/tests/test_json_build.c:135:test_login_body_tenant_slug_no_id:PASS
/home/user/axiam-c-sdk/tests/test_json_build.c:136:test_login_body_no_tenant_no_org_at_all:PASS
/home/user/axiam-c-sdk/tests/test_json_build.c:137:test_login_body_empty_string_tenant_and_org_treated_as_absent:PASS
/home/user/axiam-c-sdk/tests/test_json_build.c:138:test_mfa_body_null_args:PASS
/home/user/axiam-c-sdk/tests/test_json_build.c:139:test_refresh_body_each_missing_field_arm:PASS
/home/user/axiam-c-sdk/tests/test_json_build.c:140:test_refresh_body_valid:PASS
/home/user/axiam-c-sdk/tests/test_json_build.c:141:test_check_body_null_action_and_resource:PASS
/home/user/axiam-c-sdk/tests/test_json_build.c:142:test_batch_body_empty:PASS
/home/user/axiam-c-sdk/tests/test_json_build.c:143:test_batch_body_null_optional_fields:PASS

-----------------------
11 Tests 0 Failures 0 Ignored 
OK
<end of output>
Test time =   0.01 sec
----------------------------------------------------------
Test Passed.
"test_json_build" end time: Sep 13 01:15 UTC
"test_json_build" time elapsed: 00:00:00
----------------------------------------------------------

21/54 Testing: test_rule9_binding
21/54 Test: test_rule9_binding
Command: "/home/user/axiam-c-sdk/build-asan/tests/test_rule9_binding"
Directory: /home/user/axiam-c-sdk/build-asan/tests
"test_rule9_binding" start time: Sep 13 01:15 UTC
Output:
----------------------------------------------------------
/home/user/axiam-c-sdk/tests/test_rule9_binding.c:179:test_unbound_token_accepted_with_or_without_a_certificate:PASS
/home/user/axiam-c-sdk/tests/test_rule9_binding.c:180:test_bound_token_accepted_with_its_own_certificate:PASS
/home/user/axiam-c-sdk/tests/test_rule9_binding.c:181:test_bound_token_rejected_with_no_certificate:PASS
/home/user/axiam-c-sdk/tests/test_rule9_binding.c:182:test_bound_token_rejected_with_a_different_certificate:PASS
/home/user/axiam-c-sdk/tests/test_rule9_binding.c:183:test_unverifiable_confirmation_rejected_not_ignored:PASS
/home/user/axiam-c-sdk/tests/test_rule9_binding.c:184:test_malformed_inputs_fail_closed:PASS
/home/user/axiam-c-sdk/tests/test_rule9_binding.c:185:test_thumbprint_is_unpadded_base64url:PASS
/home/user/axiam-c-sdk/tests/test_rule9_binding.c:186:test_thumbprint_null_der_is_null:PASS
/home/user/axiam-c-sdk/tests/test_rule9_binding.c:187:test_null_cnf_reads_as_unbound:PASS
/home/user/axiam-c-sdk/tests/test_rule9_binding.c:188:test_wrong_length_thumbprint_is_refused:PASS
/home/user/axiam-c-sdk/tests/test_rule9_binding.c:189:test_both_bound_token_is_refused_even_with_the_right_certificate:PASS

-----------------------
11 Tests 0 Failures 0 Ignored 
OK
<end of output>
Test time =   0.02 sec
----------------------------------------------------------
Test Passed.
"test_rule9_binding" end time: Sep 13 01:15 UTC
"test_rule9_binding" time elapsed: 00:00:00
----------------------------------------------------------

22/54 Testing: test_jwks
22/54 Test: test_jwks
Command: "/home/user/axiam-c-sdk/build-asan/tests/test_jwks"
Directory: /home/user/axiam-c-sdk/build-asan/tests
"test_jwks" start time: Sep 13 01:15 UTC
Output:
----------------------------------------------------------
/home/user/axiam-c-sdk/tests/test_jwks.c:236:test_verify_valid_eddsa_jwt:PASS
/home/user/axiam-c-sdk/tests/test_jwks.c:237:test_reject_tampered_signature:PASS
/home/user/axiam-c-sdk/tests/test_jwks.c:238:test_reject_non_eddsa_alg:PASS
/home/user/axiam-c-sdk/tests/test_jwks.c:239:test_reject_unknown_kid:PASS
/home/user/axiam-c-sdk/tests/test_jwks.c:240:test_malformed_token:PASS
/home/user/axiam-c-sdk/tests/test_jwks.c:241:test_jwks_skips_bad_entries_and_appends_two_valid_keys:PASS
/home/user/axiam-c-sdk/tests/test_jwks.c:242:test_jwks_invalid_document_is_network_error:PASS
/home/user/axiam-c-sdk/tests/test_jwks.c:243:test_jwt_verify_null_guards:PASS
/home/user/axiam-c-sdk/tests/test_jwks.c:244:test_jwks_refetch_frees_previously_cached_keys:PASS

-----------------------
9 Tests 0 Failures 0 Ignored 
OK
<end of output>
Test time =   0.03 sec
----------------------------------------------------------
Test Passed.
"test_jwks" end time: Sep 13 01:15 UTC
"test_jwks" time elapsed: 00:00:00
----------------------------------------------------------

23/54 Testing: test_revocation
23/54 Test: test_revocation
Command: "/home/user/axiam-c-sdk/build-asan/tests/test_revocation"
Directory: /home/user/axiam-c-sdk/build-asan/tests
"test_revocation" start time: Sep 13 01:15 UTC
Output:
----------------------------------------------------------
/home/user/axiam-c-sdk/tests/test_revocation.c:402:test_the_entry_matches_the_pinned_vector:PASS
/home/user/axiam-c-sdk/tests/test_revocation.c:403:test_the_entry_hashes_the_string_not_a_parsed_uuid:PASS
/home/user/axiam-c-sdk/tests/test_revocation.c:404:test_an_undersized_buffer_is_refused_rather_than_truncated:PASS
/home/user/axiam-c-sdk/tests/test_revocation.c:405:test_a_revoked_session_is_rejected:PASS
/home/user/axiam-c-sdk/tests/test_revocation.c:406:test_a_session_the_feed_does_not_list_is_admitted:PASS
/home/user/axiam-c-sdk/tests/test_revocation.c:407:test_an_unusable_feed_denies_nothing:PASS
/home/user/axiam-c-sdk/tests/test_revocation.c:408:test_a_failed_poll_keeps_the_previous_set:PASS
/home/user/axiam-c-sdk/tests/test_revocation.c:409:test_repeated_checks_inside_one_interval_do_not_refetch:PASS
/home/user/axiam-c-sdk/tests/test_revocation.c:410:test_a_down_feed_is_not_retried_on_every_request:PASS
/home/user/axiam-c-sdk/tests/test_revocation.c:411:test_a_shorter_interval_is_clamped_rather_than_refused:PASS
/home/user/axiam-c-sdk/tests/test_revocation.c:412:test_an_oversized_document_drops_everything_rather_than_truncating:PASS
/home/user/axiam-c-sdk/tests/test_revocation.c:413:test_the_feed_is_off_by_default:PASS
/home/user/axiam-c-sdk/tests/test_revocation.c:414:test_a_token_with_no_session_is_never_matched:PASS
/home/user/axiam-c-sdk/tests/test_revocation.c:415:test_the_feed_never_turns_a_reject_into_an_accept:PASS

-----------------------
14 Tests 0 Failures 0 Ignored 
OK
<end of output>
Test time =   0.14 sec
----------------------------------------------------------
Test Passed.
"test_revocation" end time: Sep 13 01:15 UTC
"test_revocation" time elapsed: 00:00:00
----------------------------------------------------------

24/54 Testing: test_guard
24/54 Test: test_guard
Command: "/home/user/axiam-c-sdk/build-asan/tests/test_guard"
Directory: /home/user/axiam-c-sdk/build-asan/tests
"test_guard" start time: Sep 13 01:15 UTC
Output:
----------------------------------------------------------
/home/user/axiam-c-sdk/tests/test_guard.c:357:test_require_auth_allow_and_deny:PASS
/home/user/axiam-c-sdk/tests/test_guard.c:358:test_require_access_allow:PASS
/home/user/axiam-c-sdk/tests/test_guard.c:359:test_require_access_denied:PASS
/home/user/axiam-c-sdk/tests/test_guard.c:360:test_require_access_bad_resource:PASS
/home/user/axiam-c-sdk/tests/test_guard.c:361:test_require_access_unauthenticated:PASS
/home/user/axiam-c-sdk/tests/test_guard.c:362:test_require_access_fail_closed_on_network:PASS
/home/user/axiam-c-sdk/tests/test_guard.c:363:test_require_role_local:PASS
/home/user/axiam-c-sdk/tests/test_guard.c:364:test_cookie_sourced_token:PASS
/home/user/axiam-c-sdk/tests/test_guard.c:365:test_require_auth_jwks_network_failure_is_unavailable:PASS
/home/user/axiam-c-sdk/tests/test_guard.c:366:test_require_auth_invalid_token_is_unauthenticated:PASS
/home/user/axiam-c-sdk/tests/test_guard.c:367:test_require_access_authz_error_is_denied:PASS
/home/user/axiam-c-sdk/tests/test_guard.c:368:test_require_access_auth_error_is_unauthenticated:PASS
/home/user/axiam-c-sdk/tests/test_guard.c:369:test_macro_forms:PASS
/home/user/axiam-c-sdk/tests/test_guard.c:370:test_rule8_failed_caller_token_rejected_with_live_client_session:PASS
/home/user/axiam-c-sdk/tests/test_guard.c:371:test_rule8_an_expired_caller_token_is_not_swapped_for_a_valid_one:PASS
/home/user/axiam-c-sdk/tests/test_guard.c:372:test_rule8_authz_check_carries_the_callers_subject_not_the_apps:PASS
/home/user/axiam-c-sdk/tests/test_guard.c:373:test_rule8_rejection_performs_no_authz_check_at_all:PASS

-----------------------
17 Tests 0 Failures 0 Ignored 
OK
<end of output>
Test time =   0.26 sec
----------------------------------------------------------
Test Passed.
"test_guard" end time: Sep 13 01:15 UTC
"test_guard" time elapsed: 00:00:00
----------------------------------------------------------

25/54 Testing: test_jwt_claims
25/54 Test: test_jwt_claims
Command: "/home/user/axiam-c-sdk/build-asan/tests/test_jwt_claims"
Directory: /home/user/axiam-c-sdk/build-asan/tests
"test_jwt_claims" start time: Sep 13 01:15 UTC
Output:
----------------------------------------------------------
/home/user/axiam-c-sdk/tests/test_jwt_claims.c:590:test_valid_token_is_accepted:PASS
/home/user/axiam-c-sdk/tests/test_jwt_claims.c:591:test_expired_token_is_rejected:PASS
/home/user/axiam-c-sdk/tests/test_jwt_claims.c:592:test_token_expired_inside_clock_skew_is_accepted:PASS
/home/user/axiam-c-sdk/tests/test_jwt_claims.c:593:test_token_without_exp_is_rejected:PASS
/home/user/axiam-c-sdk/tests/test_jwt_claims.c:594:test_token_with_non_numeric_exp_is_rejected:PASS
/home/user/axiam-c-sdk/tests/test_jwt_claims.c:595:test_not_yet_valid_token_is_rejected:PASS
/home/user/axiam-c-sdk/tests/test_jwt_claims.c:596:test_already_valid_nbf_is_accepted:PASS
/home/user/axiam-c-sdk/tests/test_jwt_claims.c:597:test_malformed_nbf_is_rejected:PASS
/home/user/axiam-c-sdk/tests/test_jwt_claims.c:598:test_foreign_tenant_token_is_rejected:PASS
/home/user/axiam-c-sdk/tests/test_jwt_claims.c:599:test_token_without_tenant_claim_is_rejected:PASS
/home/user/axiam-c-sdk/tests/test_jwt_claims.c:600:test_slug_only_client_cannot_bind_and_fails_closed:PASS
/home/user/axiam-c-sdk/tests/test_jwt_claims.c:601:test_slug_client_binds_to_tenant_resolved_at_login:PASS
/home/user/axiam-c-sdk/tests/test_jwt_claims.c:602:test_signature_only_flag_skips_claim_checks:PASS
/home/user/axiam-c-sdk/tests/test_jwt_claims.c:603:test_strict_verify_returns_claims:PASS
/home/user/axiam-c-sdk/tests/test_jwt_claims.c:604:test_rejected_token_yields_no_claims:PASS
/home/user/axiam-c-sdk/tests/test_jwt_claims.c:605:test_alg_none_token_is_rejected:PASS
/home/user/axiam-c-sdk/tests/test_jwt_claims.c:606:test_hs_signed_token_with_eddsa_kid_is_rejected:PASS
/home/user/axiam-c-sdk/tests/test_jwt_claims.c:607:test_iss_aud_unconfigured_are_not_checked:PASS
/home/user/axiam-c-sdk/tests/test_jwt_claims.c:608:test_configured_issuer_is_enforced:PASS
/home/user/axiam-c-sdk/tests/test_jwt_claims.c:609:test_configured_audience_is_enforced:PASS
/home/user/axiam-c-sdk/tests/test_jwt_claims.c:610:test_guard_enforces_configured_audience:PASS

-----------------------
21 Tests 0 Failures 0 Ignored 
OK
<end of output>
Test time =   0.04 sec
----------------------------------------------------------
Test Passed.
"test_jwt_claims" end time: Sep 13 01:15 UTC
"test_jwt_claims" time elapsed: 00:00:00
----------------------------------------------------------

26/54 Testing: test_reason_code
26/54 Test: test_reason_code
Command: "/home/user/axiam-c-sdk/build-asan/tests/test_reason_code"
Directory: /home/user/axiam-c-sdk/build-asan/tests
"test_reason_code" start time: Sep 13 01:15 UTC
Output:
----------------------------------------------------------
/home/user/axiam-c-sdk/tests/test_reason_code.c:277:test_allow_carries_allowed_code:PASS
/home/user/axiam-c-sdk/tests/test_reason_code.c:278:test_the_two_refusals_are_not_collapsed:PASS
/home/user/axiam-c-sdk/tests/test_reason_code.c:279:test_unknown_code_passes_through_and_changes_nothing:PASS
/home/user/axiam-c-sdk/tests/test_reason_code.c:280:test_older_server_omitting_the_field_is_absent_not_an_error:PASS
/home/user/axiam-c-sdk/tests/test_reason_code.c:281:test_reason_and_reason_code_are_independent:PASS
/home/user/axiam-c-sdk/tests/test_reason_code.c:282:test_batch_surfaces_a_code_per_decision:PASS
/home/user/axiam-c-sdk/tests/test_reason_code.c:283:test_batch_tolerates_a_server_that_omits_codes:PASS
/home/user/axiam-c-sdk/tests/test_reason_code.c:284:test_dispose_frees_and_clears_the_code:PASS
/home/user/axiam-c-sdk/tests/test_reason_code.c:285:test_guard_returns_403_for_both_refusals:PASS
/home/user/axiam-c-sdk/tests/test_reason_code.c:286:test_guard_allows_on_an_unknown_code:PASS

-----------------------
10 Tests 0 Failures 0 Ignored 
OK
<end of output>
Test time =   0.03 sec
----------------------------------------------------------
Test Passed.
"test_reason_code" end time: Sep 13 01:15 UTC
"test_reason_code" time elapsed: 00:00:00
----------------------------------------------------------

27/54 Testing: test_uma_challenge
27/54 Test: test_uma_challenge
Command: "/home/user/axiam-c-sdk/build-asan/tests/test_uma_challenge"
Directory: /home/user/axiam-c-sdk/build-asan/tests
"test_uma_challenge" start time: Sep 13 01:15 UTC
Output:
----------------------------------------------------------
/home/user/axiam-c-sdk/tests/test_uma_challenge.c:286:test_a_denial_mints_one_ticket_and_emits_the_challenge:PASS
/home/user/axiam-c-sdk/tests/test_uma_challenge.c:287:test_the_ticket_asks_for_the_action_that_was_refused:PASS
/home/user/axiam-c-sdk/tests/test_uma_challenge.c:288:test_an_allow_mints_nothing:PASS
/home/user/axiam-c-sdk/tests/test_uma_challenge.c:289:test_a_minting_failure_still_denies_without_a_challenge:PASS
/home/user/axiam-c-sdk/tests/test_uma_challenge.c:290:test_without_a_challenger_a_denial_mints_nothing:PASS
/home/user/axiam-c-sdk/tests/test_uma_challenge.c:291:test_an_incomplete_challenger_mints_nothing:PASS
/home/user/axiam-c-sdk/tests/test_uma_challenge.c:292:test_a_null_out_pointer_is_accepted:PASS

-----------------------
7 Tests 0 Failures 0 Ignored 
OK
<end of output>
Test time =   0.03 sec
----------------------------------------------------------
Test Passed.
"test_uma_challenge" end time: Sep 13 01:15 UTC
"test_uma_challenge" time elapsed: 00:00:00
----------------------------------------------------------

28/54 Testing: test_guard_branches
28/54 Test: test_guard_branches
Command: "/home/user/axiam-c-sdk/build-asan/tests/test_guard_branches"
Directory: /home/user/axiam-c-sdk/build-asan/tests
"test_guard_branches" start time: Sep 13 01:15 UTC
Output:
----------------------------------------------------------
/home/user/axiam-c-sdk/tests/test_guard_branches.c:344:test_authorization_leading_whitespace:PASS
/home/user/axiam-c-sdk/tests/test_guard_branches.c:345:test_authorization_internal_extra_whitespace:PASS
/home/user/axiam-c-sdk/tests/test_guard_branches.c:346:test_authorization_non_bearer_scheme_falls_through:PASS
/home/user/axiam-c-sdk/tests/test_guard_branches.c:347:test_authorization_bearer_empty_after_whitespace:PASS
/home/user/axiam-c-sdk/tests/test_guard_branches.c:348:test_cookie_header_without_axiam_access_substring:PASS
/home/user/axiam-c-sdk/tests/test_guard_branches.c:349:test_cookie_axiam_access_empty_value:PASS
/home/user/axiam-c-sdk/tests/test_guard_branches.c:350:test_cookie_axiam_access_empty_value_end_of_string:PASS
/home/user/axiam-c-sdk/tests/test_guard_branches.c:351:test_cookie_axiam_access_value_ends_at_space:PASS
/home/user/axiam-c-sdk/tests/test_guard_branches.c:352:test_cookie_axiam_access_value_ends_at_string_end:PASS
/home/user/axiam-c-sdk/tests/test_guard_branches.c:353:test_require_access_null_resource_id:PASS
/home/user/axiam-c-sdk/tests/test_guard_branches.c:354:test_require_access_non_json_claims_is_unauthenticated:PASS
/home/user/axiam-c-sdk/tests/test_guard_branches.c:355:test_require_role_non_json_claims_is_unauthenticated:PASS
/home/user/axiam-c-sdk/tests/test_guard_branches.c:356:test_require_access_missing_sub_claim:PASS
/home/user/axiam-c-sdk/tests/test_guard_branches.c:357:test_require_role_no_credential:PASS
/home/user/axiam-c-sdk/tests/test_guard_branches.c:358:test_require_role_empty_array:PASS
/home/user/axiam-c-sdk/tests/test_guard_branches.c:359:test_require_role_claim_absent:PASS
/home/user/axiam-c-sdk/tests/test_guard_branches.c:360:test_require_role_claim_non_array:PASS
/home/user/axiam-c-sdk/tests/test_guard_branches.c:361:test_require_role_array_with_non_string_and_non_matching_items:PASS
/home/user/axiam-c-sdk/tests/test_guard_branches.c:362:test_null_client_guards:PASS

-----------------------
19 Tests 0 Failures 0 Ignored 
OK
<end of output>
Test time =   0.03 sec
----------------------------------------------------------
Test Passed.
"test_guard_branches" end time: Sep 13 01:15 UTC
"test_guard_branches" time elapsed: 00:00:00
----------------------------------------------------------

29/54 Testing: test_jwks_branches
29/54 Test: test_jwks_branches
Command: "/home/user/axiam-c-sdk/build-asan/tests/test_jwks_branches"
Directory: /home/user/axiam-c-sdk/build-asan/tests
"test_jwks_branches" start time: Sep 13 01:15 UTC
Output:
----------------------------------------------------------
/home/user/axiam-c-sdk/tests/test_jwks_branches.c:225:test_token_with_a_single_dot_is_refused:PASS
/home/user/axiam-c-sdk/tests/test_jwks_branches.c:226:test_token_with_no_dot_at_all_is_refused:PASS
/home/user/axiam-c-sdk/tests/test_jwks_branches.c:227:test_x_value_invalid_base64url_is_skipped:PASS
/home/user/axiam-c-sdk/tests/test_jwks_branches.c:228:test_x_value_short_key_material_is_skipped:PASS
/home/user/axiam-c-sdk/tests/test_jwks_branches.c:229:test_x_value_oversized_key_material_is_skipped:PASS
/home/user/axiam-c-sdk/tests/test_jwks_branches.c:230:test_key_entry_missing_kty:PASS
/home/user/axiam-c-sdk/tests/test_jwks_branches.c:231:test_key_entry_okp_wrong_curve:PASS
/home/user/axiam-c-sdk/tests/test_jwks_branches.c:232:test_keys_field_missing:PASS
/home/user/axiam-c-sdk/tests/test_jwks_branches.c:233:test_keys_field_not_an_array:PASS

-----------------------
9 Tests 0 Failures 0 Ignored 
OK
<end of output>
Test time =   0.02 sec
----------------------------------------------------------
Test Passed.
"test_jwks_branches" end time: Sep 13 01:15 UTC
"test_jwks_branches" time elapsed: 00:00:00
----------------------------------------------------------

30/54 Testing: gen_pki
30/54 Test: gen_pki
Command: "/usr/bin/cmake" "-E" "env" "sh" "/home/user/axiam-c-sdk/tests/gen_pki.sh" "/home/user/axiam-c-sdk/build-asan/tests/pki"
Directory: /home/user/axiam-c-sdk/build-asan/tests
"gen_pki" start time: Sep 13 01:15 UTC
Output:
----------------------------------------------------------
generated test PKI in /home/user/axiam-c-sdk/build-asan/tests/pki
<end of output>
Test time =   0.55 sec
----------------------------------------------------------
Test Passed.
"gen_pki" end time: Sep 13 01:15 UTC
"gen_pki" time elapsed: 00:00:00
----------------------------------------------------------

31/54 Testing: test_mtls
31/54 Test: test_mtls
Command: "/home/user/axiam-c-sdk/build-asan/tests/test_mtls" "/home/user/axiam-c-sdk/build-asan/tests/pki"
Directory: /home/user/axiam-c-sdk/build-asan/tests
"test_mtls" start time: Sep 13 01:15 UTC
Output:
----------------------------------------------------------
/home/user/axiam-c-sdk/tests/test_mtls.c:72:test_mtls_pem_wiring:PASS

-----------------------
1 Tests 0 Failures 0 Ignored 
OK
<end of output>
Test time =   0.02 sec
----------------------------------------------------------
Test Passed.
"test_mtls" end time: Sep 13 01:15 UTC
"test_mtls" time elapsed: 00:00:00
----------------------------------------------------------

32/54 Testing: test_transport_curl_extra
32/54 Test: test_transport_curl_extra
Command: "/home/user/axiam-c-sdk/build-asan/tests/test_transport_curl_extra" "/home/user/axiam-c-sdk/build-asan/tests/pki"
Directory: /home/user/axiam-c-sdk/build-asan/tests
"test_transport_curl_extra" start time: Sep 13 01:15 UTC
Output:
----------------------------------------------------------
/home/user/axiam-c-sdk/tests/test_transport_curl_extra.c:229:test_get_request_via_real_transport:PASS
/home/user/axiam-c-sdk/tests/test_transport_curl_extra.c:230:test_custom_method_with_body_via_real_transport:PASS
/home/user/axiam-c-sdk/tests/test_transport_curl_extra.c:231:test_closed_port_failure_with_tls_material_configured:PASS

-----------------------
3 Tests 0 Failures 0 Ignored 
OK
<end of output>
Test time =   0.02 sec
----------------------------------------------------------
Test Passed.
"test_transport_curl_extra" end time: Sep 13 01:15 UTC
"test_transport_curl_extra" time elapsed: 00:00:00
----------------------------------------------------------

33/54 Testing: test_tls_server
33/54 Test: test_tls_server
Command: "/home/user/axiam-c-sdk/build-asan/tests/test_tls_server" "/home/user/axiam-c-sdk/build-asan/tests/pki"
Directory: /home/user/axiam-c-sdk/build-asan/tests
"test_tls_server" start time: Sep 13 01:15 UTC
Output:
----------------------------------------------------------
/home/user/axiam-c-sdk/tests/test_tls_server.c:282:test_server_auth_https_roundtrip:PASS
/home/user/axiam-c-sdk/tests/test_tls_server.c:283:test_mtls_https_roundtrip:PASS

-----------------------
2 Tests 0 Failures 0 Ignored 
OK
<end of output>
Test time =   0.06 sec
----------------------------------------------------------
Test Passed.
"test_tls_server" end time: Sep 13 01:15 UTC
"test_tls_server" time elapsed: 00:00:00
----------------------------------------------------------

34/54 Testing: test_oidc
34/54 Test: test_oidc
Command: "/home/user/axiam-c-sdk/build-asan/tests/test_oidc"
Directory: /home/user/axiam-c-sdk/build-asan/tests
"test_oidc" start time: Sep 13 01:15 UTC
Output:
----------------------------------------------------------
/home/user/axiam-c-sdk/tests/test_oidc.c:526:test_discovery_reads_every_endpoint_from_the_document:PASS
/home/user/axiam-c-sdk/tests/test_oidc.c:527:test_discovery_is_cached_so_a_second_call_makes_no_request:PASS
/home/user/axiam-c-sdk/tests/test_oidc.c:528:test_a_configured_discovery_ttl_below_the_floor_is_raised:PASS
/home/user/axiam-c-sdk/tests/test_oidc.c:529:test_rfc7636_appendix_b_pkce_vector:PASS
/home/user/axiam-c-sdk/tests/test_oidc.c:530:test_begin_performs_no_network_io_and_builds_the_eight_parameters:PASS
/home/user/axiam-c-sdk/tests/test_oidc.c:531:test_begin_is_stateless_and_every_call_draws_fresh_values:PASS
/home/user/axiam-c-sdk/tests/test_oidc.c:532:test_begin_without_a_client_id_fails_fast_with_no_wire_call:PASS
/home/user/axiam-c-sdk/tests/test_oidc.c:533:test_exchange_is_form_encoded_with_the_tenant_in_the_query:PASS
/home/user/axiam-c-sdk/tests/test_oidc.c:534:test_a_slug_only_client_is_refused_client_side_with_no_wire_call:PASS
/home/user/axiam-c-sdk/tests/test_oidc.c:535:test_exchange_requires_the_nonce_because_rule_6_is_mandatory_here:PASS
/home/user/axiam-c-sdk/tests/test_oidc.c:536:test_an_oauth2_error_body_surfaces_its_code_rather_than_the_generic_400:PASS
/home/user/axiam-c-sdk/tests/test_oidc.c:537:test_exchange_is_never_retried_because_the_code_is_single_use:PASS
/home/user/axiam-c-sdk/tests/test_oidc.c:538:test_client_credentials_omits_an_absent_scope_and_adopts_nothing:PASS
/home/user/axiam-c-sdk/tests/test_oidc.c:539:test_introspect_refuses_a_public_client_with_no_wire_call:PASS
/home/user/axiam-c-sdk/tests/test_oidc.c:540:test_introspect_surfaces_the_full_result:PASS
/home/user/axiam-c-sdk/tests/test_oidc.c:541:test_an_inactive_token_is_a_successful_answer_not_an_error:PASS
/home/user/axiam-c-sdk/tests/test_oidc.c:542:test_a_401_from_introspect_does_not_enter_the_refresh_guard:PASS
/home/user/axiam-c-sdk/tests/test_oidc.c:543:test_revoke_is_idempotent_for_a_token_the_server_never_issued:PASS
/home/user/axiam-c-sdk/tests/test_oidc.c:544:test_a_5xx_on_revoke_is_still_a_failure:PASS
/home/user/axiam-c-sdk/tests/test_oidc.c:545:test_sso_start_carries_slug_context_in_a_json_body:PASS
/home/user/axiam-c-sdk/tests/test_oidc.c:546:test_sso_complete_round_trips_state_and_returns_no_token_material:PASS
/home/user/axiam-c-sdk/tests/test_oidc.c:547:test_no_operation_calls_the_userinfo_endpoint:PASS

-----------------------
22 Tests 0 Failures 0 Ignored 
OK
<end of output>
Test time =   0.03 sec
----------------------------------------------------------
Test Passed.
"test_oidc" end time: Sep 13 01:15 UTC
"test_oidc" time elapsed: 00:00:00
----------------------------------------------------------

35/54 Testing: test_mtls_endpoint_aliases
35/54 Test: test_mtls_endpoint_aliases
Command: "/home/user/axiam-c-sdk/build-asan/tests/test_mtls_endpoint_aliases"
Directory: /home/user/axiam-c-sdk/build-asan/tests
"test_mtls_endpoint_aliases" start time: Sep 13 01:15 UTC
Output:
----------------------------------------------------------
/home/user/axiam-c-sdk/tests/test_mtls_endpoint_aliases.c:612:test_discovery_exposes_the_member_when_the_server_publishes_it:PASS
/home/user/axiam-c-sdk/tests/test_mtls_endpoint_aliases.c:613:test_an_absent_member_leaves_the_flag_clear_rather_than_failing:PASS
/home/user/axiam-c-sdk/tests/test_mtls_endpoint_aliases.c:614:test_the_cached_document_keeps_the_aliases:PASS
/home/user/axiam-c-sdk/tests/test_mtls_endpoint_aliases.c:615:test_the_token_endpoint_call_goes_to_the_alias_host:PASS
/home/user/axiam-c-sdk/tests/test_mtls_endpoint_aliases.c:616:test_introspect_revoke_and_device_all_go_to_their_aliases:PASS
/home/user/axiam-c-sdk/tests/test_mtls_endpoint_aliases.c:617:test_the_par_push_goes_to_the_alias_host:PASS
/home/user/axiam-c-sdk/tests/test_mtls_endpoint_aliases.c:618:test_an_mtls_client_with_no_aliases_keeps_the_top_level_endpoints:PASS
/home/user/axiam-c-sdk/tests/test_mtls_endpoint_aliases.c:619:test_a_client_not_doing_mtls_keeps_the_top_level_endpoints:PASS
/home/user/axiam-c-sdk/tests/test_mtls_endpoint_aliases.c:620:test_a_partial_alias_object_falls_back_per_endpoint:PASS
/home/user/axiam-c-sdk/tests/test_mtls_endpoint_aliases.c:621:test_an_unsupported_grant_is_still_reported_when_neither_level_names_it:PASS
/home/user/axiam-c-sdk/tests/test_mtls_endpoint_aliases.c:622:test_the_front_channel_and_jwks_endpoints_are_never_aliased:PASS
/home/user/axiam-c-sdk/tests/test_mtls_endpoint_aliases.c:623:test_the_issuer_does_not_move_with_the_endpoints:PASS
/home/user/axiam-c-sdk/tests/test_mtls_endpoint_aliases.c:624:test_a_relative_alias_is_refused_rather_than_resolved:PASS
/home/user/axiam-c-sdk/tests/test_mtls_endpoint_aliases.c:625:test_a_scheme_downgrade_is_refused:PASS
/home/user/axiam-c-sdk/tests/test_mtls_endpoint_aliases.c:626:test_an_https_alias_for_an_https_endpoint_is_accepted:PASS
/home/user/axiam-c-sdk/tests/test_mtls_endpoint_aliases.c:627:test_a_malformed_alias_cannot_break_a_client_not_doing_mtls:PASS
/home/user/axiam-c-sdk/tests/test_mtls_endpoint_aliases.c:628:test_one_malformed_alias_does_not_poison_the_others:PASS
/home/user/axiam-c-sdk/tests/test_mtls_endpoint_aliases.c:629:test_the_alias_validator_refuses_exactly_two_shapes:PASS

-----------------------
18 Tests 0 Failures 0 Ignored 
OK
<end of output>
Test time =   0.03 sec
----------------------------------------------------------
Test Passed.
"test_mtls_endpoint_aliases" end time: Sep 13 01:15 UTC
"test_mtls_endpoint_aliases" time elapsed: 00:00:00
----------------------------------------------------------

36/54 Testing: test_oidc_login_providers
36/54 Test: test_oidc_login_providers
Command: "/home/user/axiam-c-sdk/build-asan/tests/test_oidc_login_providers"
Directory: /home/user/axiam-c-sdk/build-asan/tests
"test_oidc_login_providers" start time: Sep 13 01:15 UTC
Output:
----------------------------------------------------------
/home/user/axiam-c-sdk/tests/test_oidc_login_providers.c:753:test_providers_is_a_get_with_the_identifiers_in_the_query_string:PASS
/home/user/axiam-c-sdk/tests/test_oidc_login_providers.c:754:test_providers_prefers_the_uuid_form_over_the_slug_form:PASS
/home/user/axiam-c-sdk/tests/test_oidc_login_providers.c:755:test_providers_arguments_override_the_configured_workspace:PASS
/home/user/axiam-c-sdk/tests/test_oidc_login_providers.c:756:test_providers_decodes_every_field_including_the_nullable_button_icon:PASS
/home/user/axiam-c-sdk/tests/test_oidc_login_providers.c:757:test_providers_keeps_an_unknown_protocol_rather_than_failing_the_list:PASS
/home/user/axiam-c-sdk/tests/test_oidc_login_providers.c:758:test_providers_drops_an_entry_that_could_not_start_a_login:PASS
/home/user/axiam-c-sdk/tests/test_oidc_login_providers.c:759:test_providers_sends_the_slug_forms_when_that_is_what_the_client_has:PASS
/home/user/axiam-c-sdk/tests/test_oidc_login_providers.c:760:test_an_unknown_organization_answers_an_empty_list_not_an_error:PASS
/home/user/axiam-c-sdk/tests/test_oidc_login_providers.c:761:test_a_known_organization_with_no_providers_answers_the_same_way:PASS
/home/user/axiam-c-sdk/tests/test_oidc_login_providers.c:762:test_no_workspace_at_all_still_reaches_the_wire_and_succeeds:PASS
/home/user/axiam-c-sdk/tests/test_oidc_login_providers.c:763:test_a_non_2xx_from_providers_is_still_an_error:PASS
/home/user/axiam-c-sdk/tests/test_oidc_login_providers.c:764:test_a_malformed_providers_body_is_a_network_error:PASS
/home/user/axiam-c-sdk/tests/test_oidc_login_providers.c:765:test_a_transport_failure_on_providers_is_a_network_error:PASS
/home/user/axiam-c-sdk/tests/test_oidc_login_providers.c:766:test_protocol_selects_the_start_operation_and_provider_kind_never_does:PASS
/home/user/axiam-c-sdk/tests/test_oidc_login_providers.c:767:test_the_protocol_and_handoff_constants_are_the_contract_values:PASS
/home/user/axiam-c-sdk/tests/test_oidc_login_providers.c:768:test_start_oauth2_posts_json_to_its_own_path_carrying_no_pkce:PASS
/home/user/axiam-c-sdk/tests/test_oidc_login_providers.c:769:test_start_oauth2_maps_a_400_to_the_configuration_error_and_does_not_retry:PASS
/home/user/axiam-c-sdk/tests/test_oidc_login_providers.c:770:test_start_oauth2_maps_a_401_to_an_auth_error:PASS
/home/user/axiam-c-sdk/tests/test_oidc_login_providers.c:771:test_start_oauth2_rejects_a_malformed_response:PASS
/home/user/axiam-c-sdk/tests/test_oidc_login_providers.c:772:test_start_oauth2_sends_the_slug_forms_when_that_is_what_the_client_has:PASS
/home/user/axiam-c-sdk/tests/test_oidc_login_providers.c:773:test_complete_oauth2_posts_state_and_code_and_returns_no_token_material:PASS
/home/user/axiam-c-sdk/tests/test_oidc_login_providers.c:774:test_complete_oauth2_maps_a_401_to_an_auth_error:PASS
/home/user/axiam-c-sdk/tests/test_oidc_login_providers.c:775:test_complete_oauth2_rejects_a_response_missing_the_session:PASS
/home/user/axiam-c-sdk/tests/test_oidc_login_providers.c:776:test_complete_handoff_posts_only_the_code:PASS
/home/user/axiam-c-sdk/tests/test_oidc_login_providers.c:777:test_a_handoff_401_is_terminal_and_the_redemption_is_never_retried:PASS
/home/user/axiam-c-sdk/tests/test_oidc_login_providers.c:778:test_a_handoff_transport_failure_is_a_network_error:PASS
/home/user/axiam-c-sdk/tests/test_oidc_login_providers.c:779:test_handoff_rejects_a_malformed_session_response:PASS
/home/user/axiam-c-sdk/tests/test_oidc_login_providers.c:780:test_all_four_refuse_on_a_closed_client:PASS
/home/user/axiam-c-sdk/tests/test_oidc_login_providers.c:781:test_null_arguments_are_refused:PASS
/home/user/axiam-c-sdk/tests/test_oidc_login_providers.c:782:test_provider_list_dispose_is_safe_on_null_and_zeroed:PASS
/home/user/axiam-c-sdk/tests/test_oidc_login_providers.c:783:test_providers_is_not_cached:PASS

-----------------------
31 Tests 0 Failures 0 Ignored 
OK
<end of output>
Test time =   0.02 sec
----------------------------------------------------------
Test Passed.
"test_oidc_login_providers" end time: Sep 13 01:15 UTC
"test_oidc_login_providers" time elapsed: 00:00:00
----------------------------------------------------------

37/54 Testing: test_oidc_idtoken
37/54 Test: test_oidc_idtoken
Command: "/home/user/axiam-c-sdk/build-asan/tests/test_oidc_idtoken"
Directory: /home/user/axiam-c-sdk/build-asan/tests
"test_oidc_idtoken" start time: Sep 13 01:15 UTC
Output:
----------------------------------------------------------
/home/user/axiam-c-sdk/tests/test_oidc_idtoken.c:545:test_a_valid_id_token_yields_claims_and_preserves_unknown_ones:PASS
/home/user/axiam-c-sdk/tests/test_oidc_idtoken.c:546:test_contract_1_42_an_id_token_without_tenant_org_or_email_still_validates:PASS
/home/user/axiam-c-sdk/tests/test_oidc_idtoken.c:547:test_contract_1_42_a_non_axiam_op_may_still_send_tenant_id_and_email:PASS
/home/user/axiam-c-sdk/tests/test_oidc_idtoken.c:548:test_rule_1_alg_none_is_rejected:PASS
/home/user/axiam-c-sdk/tests/test_oidc_idtoken.c:549:test_rule_1_hs256_confusion_is_rejected_before_any_key_is_consulted:PASS
/home/user/axiam-c-sdk/tests/test_oidc_idtoken.c:550:test_rule_2_a_kid_no_key_matches_is_rejected:PASS
/home/user/axiam-c-sdk/tests/test_oidc_idtoken.c:551:test_rule_2_an_unknown_kid_refetches_once_per_cooldown_window:PASS
/home/user/axiam-c-sdk/tests/test_oidc_idtoken.c:552:test_rule_2_a_tampered_payload_fails_the_signature:PASS
/home/user/axiam-c-sdk/tests/test_oidc_idtoken.c:553:test_rule_3_a_foreign_issuer_is_rejected:PASS
/home/user/axiam-c-sdk/tests/test_oidc_idtoken.c:554:test_rule_3_a_trailing_slash_is_not_tolerated:PASS
/home/user/axiam-c-sdk/tests/test_oidc_idtoken.c:555:test_rule_4_a_token_for_another_relying_party_is_rejected:PASS
/home/user/axiam-c-sdk/tests/test_oidc_idtoken.c:556:test_rule_4_multiple_audiences_require_a_matching_azp:PASS
/home/user/axiam-c-sdk/tests/test_oidc_idtoken.c:557:test_rule_4_multiple_audiences_with_a_correct_azp_are_accepted:PASS
/home/user/axiam-c-sdk/tests/test_oidc_idtoken.c:558:test_rule_5_every_time_failure_reports_token_expired:PASS
/home/user/axiam-c-sdk/tests/test_oidc_idtoken.c:559:test_rule_5_an_id_token_issued_in_the_future_is_rejected:PASS
/home/user/axiam-c-sdk/tests/test_oidc_idtoken.c:560:test_rule_5_a_configured_skew_inside_the_ceiling_is_honoured:PASS
/home/user/axiam-c-sdk/tests/test_oidc_idtoken.c:561:test_rule_5_the_clock_skew_ceiling_is_clamped_down_not_rejected:PASS
/home/user/axiam-c-sdk/tests/test_oidc_idtoken.c:562:test_rule_6_a_mismatched_nonce_is_rejected:PASS
/home/user/axiam-c-sdk/tests/test_oidc_idtoken.c:563:test_rule_6_an_absent_nonce_is_rejected_for_the_exchange:PASS
/home/user/axiam-c-sdk/tests/test_oidc_idtoken.c:564:test_rule_6_is_skipped_for_a_refresh_issued_id_token:PASS

-----------------------
20 Tests 0 Failures 0 Ignored 
OK
<end of output>
Test time =   0.04 sec
----------------------------------------------------------
Test Passed.
"test_oidc_idtoken" end time: Sep 13 01:15 UTC
"test_oidc_idtoken" time elapsed: 00:00:00
----------------------------------------------------------

38/54 Testing: test_oidc_logout
38/54 Test: test_oidc_logout
Command: "/home/user/axiam-c-sdk/build-asan/tests/test_oidc_logout"
Directory: /home/user/axiam-c-sdk/build-asan/tests
"test_oidc_logout" start time: Sep 13 01:15 UTC
Output:
----------------------------------------------------------
/home/user/axiam-c-sdk/tests/test_oidc_logout.c:441:test_logout_url_uses_the_discovered_endpoint_not_concatenation:PASS
/home/user/axiam-c-sdk/tests/test_oidc_logout.c:442:test_logout_url_omits_what_the_caller_did_not_supply:PASS
/home/user/axiam-c-sdk/tests/test_oidc_logout.c:443:test_logout_url_does_not_pre_validate_the_redirect_uri:PASS
/home/user/axiam-c-sdk/tests/test_oidc_logout.c:444:test_logout_url_has_no_hintless_mode:PASS
/home/user/axiam-c-sdk/tests/test_oidc_logout.c:445:test_logout_url_appends_to_an_endpoint_that_already_has_a_query:PASS
/home/user/axiam-c-sdk/tests/test_oidc_logout.c:446:test_a_valid_logout_token_surfaces_sid_sub_and_jti:PASS
/home/user/axiam-c-sdk/tests/test_oidc_logout.c:447:test_the_same_token_verifying_twice_does_not_raise:PASS
/home/user/axiam-c-sdk/tests/test_oidc_logout.c:448:test_a_missing_events_member_is_rejected:PASS
/home/user/axiam-c-sdk/tests/test_oidc_logout.c:449:test_a_replayed_id_token_is_rejected_for_carrying_a_nonce:PASS
/home/user/axiam-c-sdk/tests/test_oidc_logout.c:450:test_a_token_naming_neither_sid_nor_sub_is_rejected:PASS
/home/user/axiam-c-sdk/tests/test_oidc_logout.c:451:test_a_wrong_audience_is_rejected:PASS
/home/user/axiam-c-sdk/tests/test_oidc_logout.c:452:test_an_array_audience_naming_this_client_is_accepted:PASS
/home/user/axiam-c-sdk/tests/test_oidc_logout.c:453:test_a_wrong_issuer_is_rejected:PASS
/home/user/axiam-c-sdk/tests/test_oidc_logout.c:454:test_an_expired_logout_token_is_rejected:PASS
/home/user/axiam-c-sdk/tests/test_oidc_logout.c:455:test_empty_and_awkwardly_typed_members_are_treated_as_absent:PASS
/home/user/axiam-c-sdk/tests/test_oidc_logout.c:456:test_a_logout_token_payload_that_is_not_an_object_is_rejected:PASS
/home/user/axiam-c-sdk/tests/test_oidc_logout.c:457:test_a_bad_signature_is_rejected:PASS

-----------------------
17 Tests 0 Failures 0 Ignored 
OK
<end of output>
Test time =   0.03 sec
----------------------------------------------------------
Test Passed.
"test_oidc_logout" end time: Sep 13 01:15 UTC
"test_oidc_logout" time elapsed: 00:00:00
----------------------------------------------------------

39/54 Testing: test_oidc_grants
39/54 Test: test_oidc_grants
Command: "/home/user/axiam-c-sdk/build-asan/tests/test_oidc_grants"
Directory: /home/user/axiam-c-sdk/build-asan/tests
"test_oidc_grants" start time: Sep 13 01:15 UTC
Output:
----------------------------------------------------------
/home/user/axiam-c-sdk/tests/test_oidc_grants.c:707:test_device_authorize_sends_no_secret_and_works_without_one:PASS
/home/user/axiam-c-sdk/tests/test_oidc_grants.c:708:test_device_authorize_never_sends_a_secret_even_when_one_is_configured:PASS
/home/user/axiam-c-sdk/tests/test_oidc_grants.c:709:test_an_omitted_interval_defaults_to_five_seconds:PASS
/home/user/axiam-c-sdk/tests/test_oidc_grants.c:710:test_verification_uri_complete_is_never_synthesised:PASS
/home/user/axiam-c-sdk/tests/test_oidc_grants.c:711:test_the_two_refusals_stay_distinct:PASS
/home/user/axiam-c-sdk/tests/test_oidc_grants.c:712:test_device_login_surfaces_the_codes_before_the_first_poll:PASS
/home/user/axiam-c-sdk/tests/test_oidc_grants.c:713:test_slow_down_raises_the_interval_permanently:PASS
/home/user/axiam-c-sdk/tests/test_oidc_grants.c:714:test_polling_stops_at_expires_in_even_without_an_expired_token_answer:PASS
/home/user/axiam-c-sdk/tests/test_oidc_grants.c:715:test_a_slow_down_past_the_deadline_stops_the_loop_rather_than_overrunning:PASS
[...]
/home/user/axiam-c-sdk/tests/test_management_models_generated.c:8507:test_webauthn_attestation_policy_round_trips:PASS
/home/user/axiam-c-sdk/tests/test_management_models_generated.c:8508:test_webauthn_attestation_policy_parses_without_optionals:PASS
/home/user/axiam-c-sdk/tests/test_management_models_generated.c:8509:test_webauthn_attestation_policy_parses_an_empty_object:PASS
/home/user/axiam-c-sdk/tests/test_management_models_generated.c:8510:test_webauthn_attestation_policy_rejects_a_non_object:PASS
/home/user/axiam-c-sdk/tests/test_management_models_generated.c:8511:test_webauthn_policy_round_trips:PASS
/home/user/axiam-c-sdk/tests/test_management_models_generated.c:8512:test_webauthn_policy_parses_an_empty_object:PASS
/home/user/axiam-c-sdk/tests/test_management_models_generated.c:8513:test_webauthn_policy_rejects_a_non_object:PASS
/home/user/axiam-c-sdk/tests/test_management_models_generated.c:8514:test_webhook_response_round_trips:PASS
/home/user/axiam-c-sdk/tests/test_management_models_generated.c:8515:test_webhook_response_parses_an_empty_object:PASS
/home/user/axiam-c-sdk/tests/test_management_models_generated.c:8516:test_webhook_response_rejects_a_non_object:PASS

-----------------------
425 Tests 0 Failures 0 Ignored 
OK
<end of output>
Test time =   0.03 sec
----------------------------------------------------------
Test Passed.
"test_management_models_generated" end time: Sep 13 01:15 UTC
"test_management_models_generated" time elapsed: 00:00:00
----------------------------------------------------------

54/54 Testing: test_management_alloc_generated
54/54 Test: test_management_alloc_generated
Command: "/home/user/axiam-c-sdk/build-asan/tests/test_management_alloc_generated"
Directory: /home/user/axiam-c-sdk/build-asan/tests
"test_management_alloc_generated" start time: Sep 13 01:15 UTC
Output:
----------------------------------------------------------
/home/user/axiam-c-sdk/tests/test_management_alloc_generated.c:3402:test_organizations_list_survives_oom:PASS
/home/user/axiam-c-sdk/tests/test_management_alloc_generated.c:3403:test_organizations_get_survives_oom:PASS
/home/user/axiam-c-sdk/tests/test_management_alloc_generated.c:3404:test_organizations_update_survives_oom:PASS
/home/user/axiam-c-sdk/tests/test_management_alloc_generated.c:3405:test_tenants_list_survives_oom:PASS
/home/user/axiam-c-sdk/tests/test_management_alloc_generated.c:3406:test_tenants_create_survives_oom:PASS
/home/user/axiam-c-sdk/tests/test_management_alloc_generated.c:3407:test_tenants_get_survives_oom:PASS
/home/user/axiam-c-sdk/tests/test_management_alloc_generated.c:3408:test_tenants_update_survives_oom:PASS
/home/user/axiam-c-sdk/tests/test_management_alloc_generated.c:3409:test_tenants_delete_survives_oom:PASS
/home/user/axiam-c-sdk/tests/test_management_alloc_generated.c:3410:test_tenants_export_audit_survives_oom:PASS
/home/user/axiam-c-sdk/tests/test_management_alloc_generated.c:3411:test_users_list_survives_oom:PASS
/home/user/axiam-c-sdk/tests/test_management_alloc_generated.c:3412:test_users_create_survives_oom:PASS
/home/user/axiam-c-sdk/tests/test_management_alloc_generated.c:3413:test_users_get_survives_oom:PASS
/home/user/axiam-c-sdk/tests/test_management_alloc_generated.c:3414:test_users_update_survives_oom:PASS
/home/user/axiam-c-sdk/tests/test_management_alloc_generated.c:3415:test_users_delete_survives_oom:PASS
/home/user/axiam-c-sdk/tests/test_management_alloc_generated.c:3416:test_users_list_mfa_methods_survives_oom:PASS
/home/user/axiam-c-sdk/tests/test_management_alloc_generated.c:3417:test_users_delete_mfa_method_survives_oom:PASS
/home/user/axiam-c-sdk/tests/test_management_alloc_generated.c:3418:test_users_reset_mfa_survives_oom:PASS
/home/user/axiam-c-sdk/tests/test_management_alloc_generated.c:3419:test_users_unlock_survives_oom:PASS
/home/user/axiam-c-sdk/tests/test_management_alloc_generated.c:3420:test_users_list_roles_survives_oom:PASS
/home/user/axiam-c-sdk/tests/test_management_alloc_generated.c:3421:test_groups_list_survives_oom:PASS
/home/user/axiam-c-sdk/tests/test_management_alloc_generated.c:3422:test_groups_create_survives_oom:PASS
/home/user/axiam-c-sdk/tests/test_management_alloc_generated.c:3423:test_groups_get_survives_oom:PASS
/home/user/axiam-c-sdk/tests/test_management_alloc_generated.c:3424:test_groups_update_survives_oom:PASS
/home/user/axiam-c-sdk/tests/test_management_alloc_generated.c:3425:test_groups_delete_survives_oom:PASS
/home/user/axiam-c-sdk/tests/test_management_alloc_generated.c:3426:test_groups_list_members_survives_oom:PASS
/home/user/axiam-c-sdk/tests/test_management_alloc_generated.c:3427:test_groups_add_member_survives_oom:PASS
/home/user/axiam-c-sdk/tests/test_management_alloc_generated.c:3428:test_groups_remove_member_survives_oom:PASS
/home/user/axiam-c-sdk/tests/test_management_alloc_generated.c:3429:test_groups_list_roles_survives_oom:PASS
/home/user/axiam-c-sdk/tests/test_management_alloc_generated.c:3430:test_groups_list_service_accounts_survives_oom:PASS
/home/user/axiam-c-sdk/tests/test_management_alloc_generated.c:3431:test_groups_add_service_account_survives_oom:PASS
/home/user/axiam-c-sdk/tests/test_management_alloc_generated.c:3432:test_groups_remove_service_account_survives_oom:PASS
/home/user/axiam-c-sdk/tests/test_management_alloc_generated.c:3433:test_roles_list_survives_oom:PASS
/home/user/axiam-c-sdk/tests/test_management_alloc_generated.c:3434:test_roles_create_survives_oom:PASS
/home/user/axiam-c-sdk/tests/test_management_alloc_generated.c:3435:test_roles_get_survives_oom:PASS
/home/user/axiam-c-sdk/tests/test_management_alloc_generated.c:3436:test_roles_update_survives_oom:PASS
/home/user/axiam-c-sdk/tests/test_management_alloc_generated.c:3437:test_roles_delete_survives_oom:PASS
/home/user/axiam-c-sdk/tests/test_management_alloc_generated.c:3438:test_roles_list_users_survives_oom:PASS
/home/user/axiam-c-sdk/tests/test_management_alloc_generated.c:3439:test_roles_assign_to_user_survives_oom:PASS
/home/user/axiam-c-sdk/tests/test_management_alloc_generated.c:3440:test_roles_unassign_from_user_survives_oom:PASS
/home/user/axiam-c-sdk/tests/test_management_alloc_generated.c:3441:test_roles_list_groups_survives_oom:PASS
/home/user/axiam-c-sdk/tests/test_management_alloc_generated.c:3442:test_roles_assign_to_group_survives_oom:PASS
/home/user/axiam-c-sdk/tests/test_management_alloc_generated.c:3443:test_roles_unassign_from_group_survives_oom:PASS
/home/user/axiam-c-sdk/tests/test_management_alloc_generated.c:3444:test_roles_list_permissions_survives_oom:PASS
/home/user/axiam-c-sdk/tests/test_management_alloc_generated.c:3445:test_roles_grant_permission_survives_oom:PASS
/home/user/axiam-c-sdk/tests/test_management_alloc_generated.c:3446:test_roles_revoke_permission_survives_oom:PASS
/home/user/axiam-c-sdk/tests/test_management_alloc_generated.c:3447:test_roles_list_service_accounts_survives_oom:PASS
/home/user/axiam-c-sdk/tests/test_management_alloc_generated.c:3448:test_roles_assign_to_service_account_survives_oom:PASS
/home/user/axiam-c-sdk/tests/test_management_alloc_generated.c:3449:test_roles_unassign_from_service_account_survives_oom:PASS
/home/user/axiam-c-sdk/tests/test_management_alloc_generated.c:3450:test_permissions_list_survives_oom:PASS
/home/user/axiam-c-sdk/tests/test_management_alloc_generated.c:3451:test_permissions_create_survives_oom:PASS
/home/user/axiam-c-sdk/tests/test_management_alloc_generated.c:3452:test_permissions_get_survives_oom:PASS
/home/user/axiam-c-sdk/tests/test_management_alloc_generated.c:3453:test_permissions_update_survives_oom:PASS
/home/user/axiam-c-sdk/tests/test_management_alloc_generated.c:3454:test_permissions_delete_survives_oom:PASS
/home/user/axiam-c-sdk/tests/test_management_alloc_generated.c:3455:test_resources_list_survives_oom:PASS
/home/user/axiam-c-sdk/tests/test_management_alloc_generated.c:3456:test_resources_create_survives_oom:PASS
/home/user/axiam-c-sdk/tests/test_management_alloc_generated.c:3457:test_resources_get_survives_oom:PASS
/home/user/axiam-c-sdk/tests/test_management_alloc_generated.c:3458:test_resources_update_survives_oom:PASS
/home/user/axiam-c-sdk/tests/test_management_alloc_generated.c:3459:test_resources_delete_survives_oom:PASS
/home/user/axiam-c-sdk/tests/test_management_alloc_generated.c:3460:test_resources_list_children_survives_oom:PASS
/home/user/axiam-c-sdk/tests/test_management_alloc_generated.c:3461:test_resources_list_ancestors_survives_oom:PASS
/home/user/axiam-c-sdk/tests/test_management_alloc_generated.c:3462:test_scopes_list_survives_oom:PASS
/home/user/axiam-c-sdk/tests/test_management_alloc_generated.c:3463:test_scopes_create_survives_oom:PASS
/home/user/axiam-c-sdk/tests/test_management_alloc_generated.c:3464:test_scopes_get_survives_oom:PASS
/home/user/axiam-c-sdk/tests/test_management_alloc_generated.c:3465:test_scopes_update_survives_oom:PASS
/home/user/axiam-c-sdk/tests/test_management_alloc_generated.c:3466:test_scopes_delete_survives_oom:PASS
/home/user/axiam-c-sdk/tests/test_management_alloc_generated.c:3467:test_service_accounts_list_survives_oom:PASS
/home/user/axiam-c-sdk/tests/test_management_alloc_generated.c:3468:test_service_accounts_create_survives_oom:PASS
/home/user/axiam-c-sdk/tests/test_management_alloc_generated.c:3469:test_service_accounts_get_survives_oom:PASS
/home/user/axiam-c-sdk/tests/test_management_alloc_generated.c:3470:test_service_accounts_update_survives_oom:PASS
/home/user/axiam-c-sdk/tests/test_management_alloc_generated.c:3471:test_service_accounts_delete_survives_oom:PASS
/home/user/axiam-c-sdk/tests/test_management_alloc_generated.c:3472:test_service_accounts_rotate_secret_survives_oom:PASS
/home/user/axiam-c-sdk/tests/test_management_alloc_generated.c:3473:test_service_accounts_bind_certificate_survives_oom:PASS
/home/user/axiam-c-sdk/tests/test_management_alloc_generated.c:3474:test_service_accounts_list_roles_survives_oom:PASS
/home/user/axiam-c-sdk/tests/test_management_alloc_generated.c:3475:test_service_accounts_list_groups_survives_oom:PASS
/home/user/axiam-c-sdk/tests/test_management_alloc_generated.c:3476:test_certificates_list_survives_oom:PASS
/home/user/axiam-c-sdk/tests/test_management_alloc_generated.c:3477:test_certificates_generate_survives_oom:PASS
/home/user/axiam-c-sdk/tests/test_management_alloc_generated.c:3478:test_certificates_get_survives_oom:PASS
/home/user/axiam-c-sdk/tests/test_management_alloc_generated.c:3479:test_certificates_revoke_survives_oom:PASS
/home/user/axiam-c-sdk/tests/test_management_alloc_generated.c:3480:test_ca_certificates_list_survives_oom:PASS
/home/user/axiam-c-sdk/tests/test_management_alloc_generated.c:3481:test_ca_certificates_generate_survives_oom:PASS
/home/user/axiam-c-sdk/tests/test_management_alloc_generated.c:3482:test_ca_certificates_import_ca_survives_oom:PASS
/home/user/axiam-c-sdk/tests/test_management_alloc_generated.c:3483:test_ca_certificates_get_survives_oom:PASS
/home/user/axiam-c-sdk/tests/test_management_alloc_generated.c:3484:test_ca_certificates_revoke_survives_oom:PASS
/home/user/axiam-c-sdk/tests/test_management_alloc_generated.c:3485:test_ca_certificates_migrate_custody_survives_oom:PASS
/home/user/axiam-c-sdk/tests/test_management_alloc_generated.c:3486:test_ca_certificates_set_mtls_trust_anchor_survives_oom:PASS
/home/user/axiam-c-sdk/tests/test_management_alloc_generated.c:3487:test_ca_certificates_list_signing_cas_survives_oom:PASS
/home/user/axiam-c-sdk/tests/test_management_alloc_generated.c:3488:test_ca_certificates_generate_signing_ca_survives_oom:PASS
/home/user/axiam-c-sdk/tests/test_management_alloc_generated.c:3489:test_ca_certificates_sign_signing_ca_csr_survives_oom:PASS
/home/user/axiam-c-sdk/tests/test_management_alloc_generated.c:3490:test_pgp_keys_list_survives_oom:PASS
/home/user/axiam-c-sdk/tests/test_management_alloc_generated.c:3491:test_pgp_keys_generate_survives_oom:PASS
/home/user/axiam-c-sdk/tests/test_management_alloc_generated.c:3492:test_pgp_keys_get_survives_oom:PASS
/home/user/axiam-c-sdk/tests/test_management_alloc_generated.c:3493:test_pgp_keys_revoke_survives_oom:PASS
/home/user/axiam-c-sdk/tests/test_management_alloc_generated.c:3494:test_pgp_keys_encrypt_survives_oom:PASS
/home/user/axiam-c-sdk/tests/test_management_alloc_generated.c:3495:test_pgp_keys_sign_audit_batch_survives_oom:PASS
/home/user/axiam-c-sdk/tests/test_management_alloc_generated.c:3496:test_webhooks_list_survives_oom:PASS
/home/user/axiam-c-sdk/tests/test_management_alloc_generated.c:3497:test_webhooks_create_survives_oom:PASS
/home/user/axiam-c-sdk/tests/test_management_alloc_generated.c:3498:test_webhooks_get_survives_oom:PASS
/home/user/axiam-c-sdk/tests/test_management_alloc_generated.c:3499:test_webhooks_update_survives_oom:PASS
/home/user/axiam-c-sdk/tests/test_management_alloc_generated.c:3500:test_webhooks_delete_survives_oom:PASS
/home/user/axiam-c-sdk/tests/test_management_alloc_generated.c:3501:test_oauth2_clients_list_survives_oom:PASS
/home/user/axiam-c-sdk/tests/test_management_alloc_generated.c:3502:test_oauth2_clients_create_survives_oom:PASS
/home/user/axiam-c-sdk/tests/test_management_alloc_generated.c:3503:test_oauth2_clients_get_survives_oom:PASS
/home/user/axiam-c-sdk/tests/test_management_alloc_generated.c:3504:test_oauth2_clients_update_survives_oom:PASS
/home/user/axiam-c-sdk/tests/test_management_alloc_generated.c:3505:test_oauth2_clients_delete_survives_oom:PASS
/home/user/axiam-c-sdk/tests/test_management_alloc_generated.c:3506:test_federation_list_configs_survives_oom:PASS
/home/user/axiam-c-sdk/tests/test_management_alloc_generated.c:3507:test_federation_create_config_survives_oom:PASS
/home/user/axiam-c-sdk/tests/test_management_alloc_generated.c:3508:test_federation_get_config_survives_oom:PASS
/home/user/axiam-c-sdk/tests/test_management_alloc_generated.c:3509:test_federation_update_config_survives_oom:PASS
/home/user/axiam-c-sdk/tests/test_management_alloc_generated.c:3510:test_federation_delete_config_survives_oom:PASS
/home/user/axiam-c-sdk/tests/test_management_alloc_generated.c:3511:test_federation_list_user_links_survives_oom:PASS
/home/user/axiam-c-sdk/tests/test_management_alloc_generated.c:3512:test_federation_delete_link_survives_oom:PASS
/home/user/axiam-c-sdk/tests/test_management_alloc_generated.c:3513:test_federation_oidc_authorize_survives_oom:PASS
/home/user/axiam-c-sdk/tests/test_management_alloc_generated.c:3514:test_federation_oidc_callback_survives_oom:PASS
/home/user/axiam-c-sdk/tests/test_management_alloc_generated.c:3515:test_notification_rules_list_survives_oom:PASS
/home/user/axiam-c-sdk/tests/test_management_alloc_generated.c:3516:test_notification_rules_create_survives_oom:PASS
/home/user/axiam-c-sdk/tests/test_management_alloc_generated.c:3517:test_notification_rules_get_survives_oom:PASS
/home/user/axiam-c-sdk/tests/test_management_alloc_generated.c:3518:test_notification_rules_update_survives_oom:PASS
/home/user/axiam-c-sdk/tests/test_management_alloc_generated.c:3519:test_notification_rules_delete_survives_oom:PASS
/home/user/axiam-c-sdk/tests/test_management_alloc_generated.c:3520:test_email_config_get_org_survives_oom:PASS
/home/user/axiam-c-sdk/tests/test_management_alloc_generated.c:3521:test_email_config_set_org_survives_oom:PASS
/home/user/axiam-c-sdk/tests/test_management_alloc_generated.c:3522:test_email_config_delete_org_survives_oom:PASS
/home/user/axiam-c-sdk/tests/test_management_alloc_generated.c:3523:test_email_config_test_org_survives_oom:PASS
/home/user/axiam-c-sdk/tests/test_management_alloc_generated.c:3524:test_email_config_get_tenant_survives_oom:PASS
/home/user/axiam-c-sdk/tests/test_management_alloc_generated.c:3525:test_email_config_set_tenant_survives_oom:PASS
/home/user/axiam-c-sdk/tests/test_management_alloc_generated.c:3526:test_email_config_delete_tenant_survives_oom:PASS
/home/user/axiam-c-sdk/tests/test_management_alloc_generated.c:3527:test_email_config_test_tenant_survives_oom:PASS
/home/user/axiam-c-sdk/tests/test_management_alloc_generated.c:3528:test_settings_get_org_survives_oom:PASS
/home/user/axiam-c-sdk/tests/test_management_alloc_generated.c:3529:test_settings_set_org_survives_oom:PASS
/home/user/axiam-c-sdk/tests/test_management_alloc_generated.c:3530:test_settings_get_effective_survives_oom:PASS
/home/user/axiam-c-sdk/tests/test_management_alloc_generated.c:3531:test_settings_set_effective_survives_oom:PASS
/home/user/axiam-c-sdk/tests/test_management_alloc_generated.c:3532:test_settings_get_tenant_override_survives_oom:PASS
/home/user/axiam-c-sdk/tests/test_management_alloc_generated.c:3533:test_settings_set_tenant_override_survives_oom:PASS
/home/user/axiam-c-sdk/tests/test_management_alloc_generated.c:3534:test_settings_delete_tenant_override_survives_oom:PASS
/home/user/axiam-c-sdk/tests/test_management_alloc_generated.c:3535:test_scim_tokens_list_survives_oom:PASS
/home/user/axiam-c-sdk/tests/test_management_alloc_generated.c:3536:test_scim_tokens_create_survives_oom:PASS
/home/user/axiam-c-sdk/tests/test_management_alloc_generated.c:3537:test_scim_tokens_revoke_survives_oom:PASS
/home/user/axiam-c-sdk/tests/test_management_alloc_generated.c:3538:test_reactors_list_survives_oom:PASS
/home/user/axiam-c-sdk/tests/test_management_alloc_generated.c:3539:test_reactors_create_survives_oom:PASS
/home/user/axiam-c-sdk/tests/test_management_alloc_generated.c:3540:test_reactors_get_survives_oom:PASS
/home/user/axiam-c-sdk/tests/test_management_alloc_generated.c:3541:test_reactors_update_survives_oom:PASS
/home/user/axiam-c-sdk/tests/test_management_alloc_generated.c:3542:test_reactors_delete_survives_oom:PASS
/home/user/axiam-c-sdk/tests/test_management_alloc_generated.c:3543:test_reactors_list_events_survives_oom:PASS
/home/user/axiam-c-sdk/tests/test_management_alloc_generated.c:3544:test_webauthn_policy_get_survives_oom:PASS
/home/user/axiam-c-sdk/tests/test_management_alloc_generated.c:3545:test_webauthn_policy_set_survives_oom:PASS
/home/user/axiam-c-sdk/tests/test_management_alloc_generated.c:3546:test_webauthn_policy_compliance_report_survives_oom:PASS
/home/user/axiam-c-sdk/tests/test_management_alloc_generated.c:3547:test_audit_list_survives_oom:PASS
/home/user/axiam-c-sdk/tests/test_management_alloc_generated.c:3548:test_audit_list_system_survives_oom:PASS
/home/user/axiam-c-sdk/tests/test_management_alloc_generated.c:3549:test_privacy_request_export_survives_oom:PASS
/home/user/axiam-c-sdk/tests/test_management_alloc_generated.c:3550:test_privacy_download_export_survives_oom:PASS
/home/user/axiam-c-sdk/tests/test_management_alloc_generated.c:3551:test_privacy_request_delete_survives_oom:PASS
/home/user/axiam-c-sdk/tests/test_management_alloc_generated.c:3552:test_privacy_cancel_delete_survives_oom:PASS
/home/user/axiam-c-sdk/tests/test_management_alloc_generated.c:3553:test_privacy_list_consents_survives_oom:PASS
/home/user/axiam-c-sdk/tests/test_management_alloc_generated.c:3554:test_privacy_grant_scope_consent_survives_oom:PASS
/home/user/axiam-c-sdk/tests/test_management_alloc_generated.c:3555:test_privacy_withdraw_scope_consent_survives_oom:PASS
/home/user/axiam-c-sdk/tests/test_management_alloc_generated.c:3556:test_platform_health_survives_oom:PASS
/home/user/axiam-c-sdk/tests/test_management_alloc_generated.c:3557:test_platform_ready_survives_oom:PASS
/home/user/axiam-c-sdk/tests/test_management_alloc_generated.c:3558:test_platform_mds_status_survives_oom:PASS
/home/user/axiam-c-sdk/tests/test_management_alloc_generated.c:3559:test_platform_mds_refresh_survives_oom:PASS

-----------------------
158 Tests 0 Failures 0 Ignored 
OK
<end of output>
Test time =   0.19 sec
----------------------------------------------------------
Test Passed.
"test_management_alloc_generated" end time: Sep 13 01:15 UTC
"test_management_alloc_generated" time elapsed: 00:00:00
----------------------------------------------------------

End testing: Sep 13 01:15 UTC
